Apr-25 15:03:23.098 [main] DEBUG nextflow.cli.Launcher - $> nextflow run main.nf -c nextflow.ica.config --input input.csv
Apr-25 15:03:23.159 [main] INFO  nextflow.cli.CmdRun - N E X T F L O W  ~  version 22.04.3
Apr-25 15:03:23.181 [main] DEBUG nextflow.config.ConfigBuilder - Found config local: /Users/keng/nf-core-v2/fetchngs/nextflow.config
Apr-25 15:03:23.187 [main] DEBUG nextflow.config.ConfigBuilder - User config file: /Users/keng/nf-core-v2/fetchngs/nextflow.ica.config
Apr-25 15:03:23.188 [main] DEBUG nextflow.config.ConfigBuilder - Parsing config file: /Users/keng/nf-core-v2/fetchngs/nextflow.config
Apr-25 15:03:23.190 [main] DEBUG nextflow.config.ConfigBuilder - Parsing config file: /Users/keng/nf-core-v2/fetchngs/nextflow.ica.config
Apr-25 15:03:23.213 [main] DEBUG nextflow.config.ConfigBuilder - Applying config profile: `standard`
Apr-25 15:03:24.120 [main] DEBUG nextflow.plugin.PluginsFacade - Using Default plugins manager
Apr-25 15:03:24.131 [main] INFO  org.pf4j.DefaultPluginStatusProvider - Enabled plugins: []
Apr-25 15:03:24.133 [main] INFO  org.pf4j.DefaultPluginStatusProvider - Disabled plugins: []
Apr-25 15:03:24.137 [main] INFO  org.pf4j.DefaultPluginManager - PF4J version 3.4.1 in 'deployment' mode
Apr-25 15:03:24.141 [main] DEBUG nextflow.plugin.PluginsFacade - Using Default plugins manager
Apr-25 15:03:24.444 [main] DEBUG nextflow.plugin.PluginsFacade - Using Default plugins manager
Apr-25 15:03:24.640 [main] DEBUG nextflow.config.ConfigBuilder - Applying config profile: `standard`
Apr-25 15:03:24.765 [main] DEBUG nextflow.plugin.PluginsFacade - Using Default plugins manager
Apr-25 15:03:24.767 [main] DEBUG nextflow.plugin.PluginsFacade - Using Default plugins manager
Apr-25 15:03:24.834 [main] DEBUG nextflow.plugin.PluginsFacade - Using Default plugins manager
Apr-25 15:03:24.920 [main] DEBUG nextflow.cli.CmdRun - Applied DSL=2 from script declararion
Apr-25 15:03:24.936 [main] INFO  nextflow.cli.CmdRun - Launching `main.nf` [angry_davinci] DSL2 - revision: 09b320bf76
Apr-25 15:03:24.938 [main] DEBUG nextflow.plugin.PluginsFacade - Setting up plugin manager > mode=prod; plugins-dir=/.nextflow/plugins; core-plugins: nf-amazon@1.7.2,nf-azure@0.13.2,nf-console@1.0.3,nf-ga4gh@1.0.3,nf-google@1.1.4,nf-sqldb@0.4.0,nf-tower@1.4.0
Apr-25 15:03:24.940 [main] DEBUG nextflow.plugin.PluginsFacade - Plugins default=[]
Apr-25 15:03:24.952 [main] INFO  org.pf4j.DefaultPluginStatusProvider - Enabled plugins: []
Apr-25 15:03:24.953 [main] INFO  org.pf4j.DefaultPluginStatusProvider - Disabled plugins: []
Apr-25 15:03:24.955 [main] INFO  org.pf4j.DefaultPluginManager - PF4J version 3.4.1 in 'deployment' mode
Apr-25 15:03:24.964 [main] INFO  org.pf4j.AbstractPluginManager - No plugins
Apr-25 15:03:25.002 [main] DEBUG nextflow.Session - Session uuid: ba3728a9-efb2-4b59-aa9b-266e71b2f5a3
Apr-25 15:03:25.003 [main] DEBUG nextflow.Session - Run name: angry_davinci
Apr-25 15:03:25.004 [main] DEBUG nextflow.Session - Executor pool size: 8
Apr-25 15:03:25.027 [main] DEBUG nextflow.cli.CmdRun - 
  Version: 22.04.3 build 5703
  Created: 18-05-2022 19:22 UTC 
  System: Linux 5.15.49-linuxkit
  Runtime: Groovy 3.0.10 on OpenJDK 64-Bit Server VM 17.0.3+6-LTS
  Encoding: UTF-8 (UTF-8)
  Process: 1@b6dc92d91622 [172.17.0.2]
  CPUs: 8 - Mem: 13.2 GB (1 GB) - Swap: 2 GB (1.9 GB)
Apr-25 15:03:25.063 [main] DEBUG nextflow.Session - Work-dir: /Users/keng/nf-core-v2/fetchngs/work [fuseblk]
Apr-25 15:03:25.080 [main] DEBUG nextflow.executor.ExecutorFactory - Extension executors providers=[]
Apr-25 15:03:25.090 [main] DEBUG nextflow.Session - Observer factory: DefaultObserverFactory
Apr-25 15:03:25.137 [main] DEBUG nextflow.cache.CacheFactory - Using Nextflow cache factory: nextflow.cache.DefaultCacheFactory
Apr-25 15:03:25.146 [main] DEBUG nextflow.util.CustomThreadPool - Creating default thread pool > poolSize: 9; maxThreads: 1000
Apr-25 15:03:25.279 [main] DEBUG nextflow.Session - Session start invoked
Apr-25 15:03:25.284 [main] DEBUG nextflow.trace.TraceFileObserver - Flow starting -- trace file: /Users/keng/nf-core-v2/fetchngs/null/pipeline_info/execution_trace_2023-04-25_15-03-24.txt
Apr-25 15:03:25.308 [main] DEBUG nextflow.Session - Using default localLib path: /Users/keng/nf-core-v2/fetchngs/lib
Apr-25 15:03:25.320 [main] DEBUG nextflow.Session - Adding to the classpath library: /Users/keng/nf-core-v2/fetchngs/lib
Apr-25 15:03:25.322 [main] DEBUG nextflow.Session - Adding to the classpath library: /Users/keng/nf-core-v2/fetchngs/lib/nfcore_external_java_deps.jar
Apr-25 15:03:26.509 [main] DEBUG nextflow.script.ScriptRunner - > Launching execution
Apr-25 15:03:26.563 [main] INFO  nextflow.Nextflow - 

-[2m----------------------------------------------------[0m-
                                        [0;32m,--.[0;30m/[0;32m,-.[0m
[0;34m        ___     __   __   __   ___     [0;32m/,-._.--~'[0m
[0;34m  |\ | |__  __ /  ` /  \ |__) |__         [0;33m}  {[0m
[0;34m  | \| |       \__, \__/ |  \ |___     [0;32m\`-._,-`-,[0m
                                        [0;32m`._,._,'[0m
[0;35m  nf-core/fetchngs v1.9[0m
-[2m----------------------------------------------------[0m-
[1mCore Nextflow options[0m
  [0;34mrunName        : [0;32mangry_davinci[0m
  [0;34mcontainerEngine: [0;32mdocker[0m
  [0;34mlaunchDir      : [0;32m/Users/keng/nf-core-v2/fetchngs[0m
  [0;34mworkDir        : [0;32m/Users/keng/nf-core-v2/fetchngs/work[0m
  [0;34mprojectDir     : [0;32m/Users/keng/nf-core-v2/fetchngs[0m
  [0;34muserName       : [0;32mroot[0m
  [0;34mprofile        : [0;32mstandard[0m
  [0;34mconfigFiles    : [0;32m/Users/keng/nf-core-v2/fetchngs/nextflow.config, /Users/keng/nf-core-v2/fetchngs/nextflow.ica.config[0m

[1mInput/output options[0m
  [0;34minput          : [0;32minput.csv[0m
  [0;34moutdir         : [0;32mout[0m

[1mGeneric options[0m
  [0;34mtracedir       : [0;32mnull/pipeline_info[0m

!! Only displaying parameters that differ from the pipeline defaults !!
-[2m----------------------------------------------------[0m-
If you use nf-core/fetchngs for your analysis please cite:

* The pipeline
  https://doi.org/10.5281/zenodo.5070524

* The nf-core framework
  https://doi.org/10.1038/s41587-020-0439-x

* Software dependencies
  https://github.com/nf-core/fetchngs/blob/master/CITATIONS.md
-[2m----------------------------------------------------[0m-
Apr-25 15:03:26.795 [main] WARN  nextflow.Nextflow - Found unexpected parameters:
* --enable_conda: false
* --igenomes_ignore: false
* --conda_enabled: false
* --ica_smoke_test: false
Apr-25 15:03:26.797 [main] INFO  nextflow.Nextflow - - [2mIgnore this warning: params.schema_ignore_params = "enable_conda,igenomes_ignore,conda_enabled,ica_smoke_test" [0m
Apr-25 15:03:26.807 [main] DEBUG nextflow.Session - Session aborted -- Cause: /Users/keng/nf-core-v2/fetchngs/input.csv
Apr-25 15:03:26.814 [main] ERROR nextflow.cli.Launcher - /Users/keng/nf-core-v2/fetchngs/input.csv
java.nio.file.NoSuchFileException: /Users/keng/nf-core-v2/fetchngs/input.csv
	at nextflow.file.FileHelper.checkIfExists(FileHelper.groovy:1036)
	at nextflow.file.FileHelper$checkIfExists$1.call(Unknown Source)
	at org.codehaus.groovy.runtime.callsite.CallSiteArray.defaultCall(CallSiteArray.java:47)
	at org.codehaus.groovy.runtime.callsite.AbstractCallSite.call(AbstractCallSite.java:125)
	at org.codehaus.groovy.runtime.callsite.AbstractCallSite.call(AbstractCallSite.java:148)
	at nextflow.Nextflow.file(Nextflow.groovy:159)
	at nextflow.Nextflow$file.callStatic(Unknown Source)
	at org.codehaus.groovy.runtime.callsite.CallSiteArray.defaultCallStatic(CallSiteArray.java:55)
	at org.codehaus.groovy.runtime.callsite.AbstractCallSite.callStatic(AbstractCallSite.java:217)
	at org.codehaus.groovy.runtime.callsite.AbstractCallSite.callStatic(AbstractCallSite.java:240)
	at Script_90a2a390.runScript(Script_90a2a390:19)
	at nextflow.script.BaseScript.runDsl2(BaseScript.groovy:170)
	at nextflow.script.BaseScript.run(BaseScript.groovy:217)
	at nextflow.script.ScriptParser.runScript(ScriptParser.groovy:220)
	at nextflow.script.ScriptRunner.run(ScriptRunner.groovy:212)
	at nextflow.script.ScriptRunner.execute(ScriptRunner.groovy:120)
	at nextflow.cli.CmdRun.run(CmdRun.groovy:337)
	at nextflow.cli.Launcher.run(Launcher.groovy:480)
	at nextflow.cli.Launcher.main(Launcher.groovy:639)
