Apr-25 14:27:15.572 [main] DEBUG nextflow.cli.Launcher - $> nextflow run main.nf -c nextflow.ica.config --input input.csv
Apr-25 14:27:15.640 [main] INFO  nextflow.cli.CmdRun - N E X T F L O W  ~  version 22.04.3
Apr-25 14:27:15.662 [main] DEBUG nextflow.config.ConfigBuilder - Found config local: /Users/keng/nf-core-v2/chipseq/nextflow.config
Apr-25 14:27:15.667 [main] DEBUG nextflow.config.ConfigBuilder - User config file: /Users/keng/nf-core-v2/chipseq/nextflow.ica.config
Apr-25 14:27:15.668 [main] DEBUG nextflow.config.ConfigBuilder - Parsing config file: /Users/keng/nf-core-v2/chipseq/nextflow.config
Apr-25 14:27:15.669 [main] DEBUG nextflow.config.ConfigBuilder - Parsing config file: /Users/keng/nf-core-v2/chipseq/nextflow.ica.config
Apr-25 14:27:15.692 [main] DEBUG nextflow.config.ConfigBuilder - Applying config profile: `standard`
Apr-25 14:27:16.656 [main] DEBUG nextflow.plugin.PluginsFacade - Using Default plugins manager
Apr-25 14:27:16.666 [main] INFO  org.pf4j.DefaultPluginStatusProvider - Enabled plugins: []
Apr-25 14:27:16.669 [main] INFO  org.pf4j.DefaultPluginStatusProvider - Disabled plugins: []
Apr-25 14:27:16.672 [main] INFO  org.pf4j.DefaultPluginManager - PF4J version 3.4.1 in 'deployment' mode
Apr-25 14:27:16.677 [main] DEBUG nextflow.plugin.PluginsFacade - Using Default plugins manager
Apr-25 14:27:16.977 [main] DEBUG nextflow.plugin.PluginsFacade - Using Default plugins manager
Apr-25 14:27:17.696 [main] DEBUG nextflow.config.ConfigBuilder - Applying config profile: `standard`
Apr-25 14:27:17.790 [main] DEBUG nextflow.plugin.PluginsFacade - Using Default plugins manager
Apr-25 14:27:17.793 [main] DEBUG nextflow.plugin.PluginsFacade - Using Default plugins manager
Apr-25 14:27:17.892 [main] DEBUG nextflow.plugin.PluginsFacade - Using Default plugins manager
Apr-25 14:27:18.255 [main] DEBUG nextflow.cli.CmdRun - Applied DSL=2 from script declararion
Apr-25 14:27:18.271 [main] INFO  nextflow.cli.CmdRun - Launching `main.nf` [fervent_cori] DSL2 - revision: d07cf07825
Apr-25 14:27:18.274 [main] DEBUG nextflow.plugin.PluginsFacade - Setting up plugin manager > mode=prod; plugins-dir=/.nextflow/plugins; core-plugins: nf-amazon@1.7.2,nf-azure@0.13.2,nf-console@1.0.3,nf-ga4gh@1.0.3,nf-google@1.1.4,nf-sqldb@0.4.0,nf-tower@1.4.0
Apr-25 14:27:18.276 [main] DEBUG nextflow.plugin.PluginsFacade - Plugins default=[]
Apr-25 14:27:18.289 [main] INFO  org.pf4j.DefaultPluginStatusProvider - Enabled plugins: []
Apr-25 14:27:18.291 [main] INFO  org.pf4j.DefaultPluginStatusProvider - Disabled plugins: []
Apr-25 14:27:18.293 [main] INFO  org.pf4j.DefaultPluginManager - PF4J version 3.4.1 in 'deployment' mode
Apr-25 14:27:18.305 [main] INFO  org.pf4j.AbstractPluginManager - No plugins
Apr-25 14:27:18.363 [main] DEBUG nextflow.Session - Session uuid: 30250cff-3bc2-431f-a1ef-da4d95f0d023
Apr-25 14:27:18.365 [main] DEBUG nextflow.Session - Run name: fervent_cori
Apr-25 14:27:18.367 [main] DEBUG nextflow.Session - Executor pool size: 8
Apr-25 14:27:18.394 [main] DEBUG nextflow.cli.CmdRun - 
  Version: 22.04.3 build 5703
  Created: 18-05-2022 19:22 UTC 
  System: Linux 5.15.49-linuxkit
  Runtime: Groovy 3.0.10 on OpenJDK 64-Bit Server VM 17.0.3+6-LTS
  Encoding: UTF-8 (UTF-8)
  Process: 1@f5f6ed23fbb7 [172.17.0.2]
  CPUs: 8 - Mem: 13.2 GB (1003.1 MB) - Swap: 2 GB (1.9 GB)
Apr-25 14:27:18.431 [main] DEBUG nextflow.Session - Work-dir: /Users/keng/nf-core-v2/chipseq/work [fuseblk]
Apr-25 14:27:18.455 [main] DEBUG nextflow.executor.ExecutorFactory - Extension executors providers=[]
Apr-25 14:27:18.465 [main] DEBUG nextflow.Session - Observer factory: DefaultObserverFactory
Apr-25 14:27:18.520 [main] DEBUG nextflow.cache.CacheFactory - Using Nextflow cache factory: nextflow.cache.DefaultCacheFactory
Apr-25 14:27:18.529 [main] DEBUG nextflow.util.CustomThreadPool - Creating default thread pool > poolSize: 9; maxThreads: 1000
Apr-25 14:27:18.640 [main] DEBUG nextflow.Session - Session start invoked
Apr-25 14:27:18.645 [main] DEBUG nextflow.trace.TraceFileObserver - Flow starting -- trace file: /Users/keng/nf-core-v2/chipseq/null/pipeline_info/execution_trace_2023-04-25_14-27-17.txt
Apr-25 14:27:18.669 [main] DEBUG nextflow.Session - Using default localLib path: /Users/keng/nf-core-v2/chipseq/lib
Apr-25 14:27:18.680 [main] DEBUG nextflow.Session - Adding to the classpath library: /Users/keng/nf-core-v2/chipseq/lib
Apr-25 14:27:18.682 [main] DEBUG nextflow.Session - Adding to the classpath library: /Users/keng/nf-core-v2/chipseq/lib/nfcore_external_java_deps.jar
Apr-25 14:27:19.652 [main] DEBUG nextflow.script.ScriptRunner - > Launching execution
Apr-25 14:27:19.920 [main] WARN  nextflow.Nextflow - Found unexpected parameters:
* --conda_enabled: false
* --ica_smoke_test: false
Apr-25 14:27:19.921 [main] INFO  nextflow.Nextflow - - [2mIgnore this warning: params.schema_ignore_params = "conda_enabled,ica_smoke_test" [0m
Apr-25 14:27:19.934 [main] INFO  nextflow.Nextflow - 

-[2m----------------------------------------------------[0m-
                                        [0;32m,--.[0;30m/[0;32m,-.[0m
[0;34m        ___     __   __   __   ___     [0;32m/,-._.--~'[0m
[0;34m  |\ | |__  __ /  ` /  \ |__) |__         [0;33m}  {[0m
[0;34m  | \| |       \__, \__/ |  \ |___     [0;32m\`-._,-`-,[0m
                                        [0;32m`._,._,'[0m
[0;35m  nf-core/chipseq v2.0.0[0m
-[2m----------------------------------------------------[0m-
[1mCore Nextflow options[0m
  [0;34mrunName        : [0;32mfervent_cori[0m
  [0;34mcontainerEngine: [0;32mdocker[0m
  [0;34mlaunchDir      : [0;32m/Users/keng/nf-core-v2/chipseq[0m
  [0;34mworkDir        : [0;32m/Users/keng/nf-core-v2/chipseq/work[0m
  [0;34mprojectDir     : [0;32m/Users/keng/nf-core-v2/chipseq[0m
  [0;34muserName       : [0;32mroot[0m
  [0;34mprofile        : [0;32mstandard[0m
  [0;34mconfigFiles    : [0;32m/Users/keng/nf-core-v2/chipseq/nextflow.config, /Users/keng/nf-core-v2/chipseq/nextflow.ica.config[0m

[1mInput/output options[0m
  [0;34minput          : [0;32minput.csv[0m
  [0;34moutdir         : [0;32mout[0m

[1mGeneric options[0m
  [0;34mtracedir       : [0;32mnull/pipeline_info[0m

!! Only displaying parameters that differ from the pipeline defaults !!
-[2m----------------------------------------------------[0m-
If you use nf-core/chipseq for your analysis please cite:

* The pipeline
  https://doi.org/10.5281/zenodo.3240506

* The nf-core framework
  https://doi.org/10.1038/s41587-020-0439-x

* Software dependencies
  https://github.com/nf-core/chipseq/blob/master/CITATIONS.md
-[2m----------------------------------------------------[0m-
Apr-25 14:27:23.228 [main] ERROR nextflow.Nextflow - Genome fasta file not specified with e.g. '--fasta' or via a detectable config file.
