Apr-25 15:54:15.336 [main] DEBUG nextflow.cli.Launcher - $> nextflow run main.nf -c nextflow.ica.config --input input.csv
Apr-25 15:54:15.398 [main] INFO  nextflow.cli.CmdRun - N E X T F L O W  ~  version 22.04.3
Apr-25 15:54:15.417 [main] DEBUG nextflow.config.ConfigBuilder - Found config local: /Users/keng/nf-core-v2/nanoseq/nextflow.config
Apr-25 15:54:15.422 [main] DEBUG nextflow.config.ConfigBuilder - User config file: /Users/keng/nf-core-v2/nanoseq/nextflow.ica.config
Apr-25 15:54:15.423 [main] DEBUG nextflow.config.ConfigBuilder - Parsing config file: /Users/keng/nf-core-v2/nanoseq/nextflow.config
Apr-25 15:54:15.424 [main] DEBUG nextflow.config.ConfigBuilder - Parsing config file: /Users/keng/nf-core-v2/nanoseq/nextflow.ica.config
Apr-25 15:54:15.446 [main] DEBUG nextflow.config.ConfigBuilder - Applying config profile: `standard`
Apr-25 15:54:16.314 [main] DEBUG nextflow.plugin.PluginsFacade - Using Default plugins manager
Apr-25 15:54:16.323 [main] INFO  org.pf4j.DefaultPluginStatusProvider - Enabled plugins: []
Apr-25 15:54:16.326 [main] INFO  org.pf4j.DefaultPluginStatusProvider - Disabled plugins: []
Apr-25 15:54:16.329 [main] INFO  org.pf4j.DefaultPluginManager - PF4J version 3.4.1 in 'deployment' mode
Apr-25 15:54:16.333 [main] DEBUG nextflow.plugin.PluginsFacade - Using Default plugins manager
Apr-25 15:54:16.605 [main] DEBUG nextflow.plugin.PluginsFacade - Using Default plugins manager
Apr-25 15:54:17.239 [main] DEBUG nextflow.config.ConfigBuilder - Applying config profile: `standard`
Apr-25 15:54:17.310 [main] DEBUG nextflow.plugin.PluginsFacade - Using Default plugins manager
Apr-25 15:54:17.312 [main] DEBUG nextflow.plugin.PluginsFacade - Using Default plugins manager
Apr-25 15:54:17.389 [main] DEBUG nextflow.plugin.PluginsFacade - Using Default plugins manager
Apr-25 15:54:17.673 [main] DEBUG nextflow.cli.CmdRun - Applied DSL=2 from script declararion
Apr-25 15:54:17.690 [main] INFO  nextflow.cli.CmdRun - Launching `main.nf` [zen_lavoisier] DSL2 - revision: faed6a7db5
Apr-25 15:54:17.692 [main] DEBUG nextflow.plugin.PluginsFacade - Setting up plugin manager > mode=prod; plugins-dir=/.nextflow/plugins; core-plugins: nf-amazon@1.7.2,nf-azure@0.13.2,nf-console@1.0.3,nf-ga4gh@1.0.3,nf-google@1.1.4,nf-sqldb@0.4.0,nf-tower@1.4.0
Apr-25 15:54:17.694 [main] DEBUG nextflow.plugin.PluginsFacade - Plugins default=[]
Apr-25 15:54:17.705 [main] INFO  org.pf4j.DefaultPluginStatusProvider - Enabled plugins: []
Apr-25 15:54:17.707 [main] INFO  org.pf4j.DefaultPluginStatusProvider - Disabled plugins: []
Apr-25 15:54:17.709 [main] INFO  org.pf4j.DefaultPluginManager - PF4J version 3.4.1 in 'deployment' mode
Apr-25 15:54:17.717 [main] INFO  org.pf4j.AbstractPluginManager - No plugins
Apr-25 15:54:17.754 [main] DEBUG nextflow.Session - Session uuid: e63e62eb-4518-4470-b830-a95b9352d08b
Apr-25 15:54:17.755 [main] DEBUG nextflow.Session - Run name: zen_lavoisier
Apr-25 15:54:17.756 [main] DEBUG nextflow.Session - Executor pool size: 8
Apr-25 15:54:17.779 [main] DEBUG nextflow.cli.CmdRun - 
  Version: 22.04.3 build 5703
  Created: 18-05-2022 19:22 UTC 
  System: Linux 5.15.49-linuxkit
  Runtime: Groovy 3.0.10 on OpenJDK 64-Bit Server VM 17.0.3+6-LTS
  Encoding: UTF-8 (UTF-8)
  Process: 1@da910e4643b7 [172.17.0.2]
  CPUs: 8 - Mem: 13.2 GB (1 GB) - Swap: 2 GB (1.9 GB)
Apr-25 15:54:17.814 [main] DEBUG nextflow.Session - Work-dir: /Users/keng/nf-core-v2/nanoseq/work [fuseblk]
Apr-25 15:54:17.835 [main] DEBUG nextflow.executor.ExecutorFactory - Extension executors providers=[]
Apr-25 15:54:17.844 [main] DEBUG nextflow.Session - Observer factory: DefaultObserverFactory
Apr-25 15:54:17.895 [main] DEBUG nextflow.cache.CacheFactory - Using Nextflow cache factory: nextflow.cache.DefaultCacheFactory
Apr-25 15:54:17.903 [main] DEBUG nextflow.util.CustomThreadPool - Creating default thread pool > poolSize: 9; maxThreads: 1000
Apr-25 15:54:18.006 [main] DEBUG nextflow.Session - Session start invoked
Apr-25 15:54:18.010 [main] DEBUG nextflow.trace.TraceFileObserver - Flow starting -- trace file: /Users/keng/nf-core-v2/nanoseq/results/pipeline_info/execution_trace_2023-04-25_15-54-16.txt
Apr-25 15:54:18.032 [main] DEBUG nextflow.Session - Using default localLib path: /Users/keng/nf-core-v2/nanoseq/lib
Apr-25 15:54:18.042 [main] DEBUG nextflow.Session - Adding to the classpath library: /Users/keng/nf-core-v2/nanoseq/lib
Apr-25 15:54:18.044 [main] DEBUG nextflow.Session - Adding to the classpath library: /Users/keng/nf-core-v2/nanoseq/lib/nfcore_external_java_deps.jar
Apr-25 15:54:19.026 [main] DEBUG nextflow.script.ScriptRunner - > Launching execution
Apr-25 15:54:19.286 [main] ERROR nextflow.Nextflow - ERROR: Validation of pipeline parameters failed!
Apr-25 15:54:19.300 [main] ERROR nextflow.Nextflow - * Missing required parameter: --protocol
Apr-25 15:54:19.306 [main] WARN  nextflow.Nextflow - Found unexpected parameters:
* --ica_smoke_test: false
* --conda_enabled: false
* --publish_dir_mode: copy
Apr-25 15:54:19.307 [main] INFO  nextflow.Nextflow - - [2mIgnore this warning: params.schema_ignore_params = "ica_smoke_test,conda_enabled,publish_dir_mode" [0m
