Apr-25 14:34:53.943 [main] DEBUG nextflow.cli.Launcher - $> nextflow run main.nf -c nextflow.ica.config --input input.csv
Apr-25 14:34:54.002 [main] INFO  nextflow.cli.CmdRun - N E X T F L O W  ~  version 22.04.3
Apr-25 14:34:54.022 [main] DEBUG nextflow.config.ConfigBuilder - Found config local: /Users/keng/nf-core-v2/circdna/nextflow.config
Apr-25 14:34:54.027 [main] DEBUG nextflow.config.ConfigBuilder - User config file: /Users/keng/nf-core-v2/circdna/nextflow.ica.config
Apr-25 14:34:54.028 [main] DEBUG nextflow.config.ConfigBuilder - Parsing config file: /Users/keng/nf-core-v2/circdna/nextflow.config
Apr-25 14:34:54.029 [main] DEBUG nextflow.config.ConfigBuilder - Parsing config file: /Users/keng/nf-core-v2/circdna/nextflow.ica.config
Apr-25 14:34:54.051 [main] DEBUG nextflow.config.ConfigBuilder - Applying config profile: `standard`
Apr-25 14:34:55.027 [main] DEBUG nextflow.plugin.PluginsFacade - Using Default plugins manager
Apr-25 14:34:55.037 [main] INFO  org.pf4j.DefaultPluginStatusProvider - Enabled plugins: []
Apr-25 14:34:55.040 [main] INFO  org.pf4j.DefaultPluginStatusProvider - Disabled plugins: []
Apr-25 14:34:55.043 [main] INFO  org.pf4j.DefaultPluginManager - PF4J version 3.4.1 in 'deployment' mode
Apr-25 14:34:55.047 [main] DEBUG nextflow.plugin.PluginsFacade - Using Default plugins manager
Apr-25 14:34:55.365 [main] DEBUG nextflow.plugin.PluginsFacade - Using Default plugins manager
Apr-25 14:34:55.982 [main] DEBUG nextflow.config.ConfigBuilder - Applying config profile: `standard`
Apr-25 14:34:56.083 [main] DEBUG nextflow.plugin.PluginsFacade - Using Default plugins manager
Apr-25 14:34:56.085 [main] DEBUG nextflow.plugin.PluginsFacade - Using Default plugins manager
Apr-25 14:34:56.156 [main] DEBUG nextflow.plugin.PluginsFacade - Using Default plugins manager
Apr-25 14:34:56.471 [main] DEBUG nextflow.cli.CmdRun - Applied DSL=2 from script declararion
Apr-25 14:34:56.488 [main] INFO  nextflow.cli.CmdRun - Launching `main.nf` [gloomy_watson] DSL2 - revision: 77e36ae54e
Apr-25 14:34:56.490 [main] DEBUG nextflow.plugin.PluginsFacade - Setting up plugin manager > mode=prod; plugins-dir=/.nextflow/plugins; core-plugins: nf-amazon@1.7.2,nf-azure@0.13.2,nf-console@1.0.3,nf-ga4gh@1.0.3,nf-google@1.1.4,nf-sqldb@0.4.0,nf-tower@1.4.0
Apr-25 14:34:56.492 [main] DEBUG nextflow.plugin.PluginsFacade - Plugins default=[]
Apr-25 14:34:56.504 [main] INFO  org.pf4j.DefaultPluginStatusProvider - Enabled plugins: []
Apr-25 14:34:56.505 [main] INFO  org.pf4j.DefaultPluginStatusProvider - Disabled plugins: []
Apr-25 14:34:56.507 [main] INFO  org.pf4j.DefaultPluginManager - PF4J version 3.4.1 in 'deployment' mode
Apr-25 14:34:56.516 [main] INFO  org.pf4j.AbstractPluginManager - No plugins
Apr-25 14:34:56.565 [main] DEBUG nextflow.Session - Session uuid: 2bc38f9a-83a1-4bce-ba1f-1fdaa9a15897
Apr-25 14:34:56.566 [main] DEBUG nextflow.Session - Run name: gloomy_watson
Apr-25 14:34:56.567 [main] DEBUG nextflow.Session - Executor pool size: 8
Apr-25 14:34:56.591 [main] DEBUG nextflow.cli.CmdRun - 
  Version: 22.04.3 build 5703
  Created: 18-05-2022 19:22 UTC 
  System: Linux 5.15.49-linuxkit
  Runtime: Groovy 3.0.10 on OpenJDK 64-Bit Server VM 17.0.3+6-LTS
  Encoding: UTF-8 (UTF-8)
  Process: 1@61215b668b60 [172.17.0.2]
  CPUs: 8 - Mem: 13.2 GB (1 GB) - Swap: 2 GB (1.9 GB)
Apr-25 14:34:56.629 [main] DEBUG nextflow.Session - Work-dir: /Users/keng/nf-core-v2/circdna/work [fuseblk]
Apr-25 14:34:56.686 [main] DEBUG nextflow.executor.ExecutorFactory - Extension executors providers=[]
Apr-25 14:34:56.697 [main] DEBUG nextflow.Session - Observer factory: DefaultObserverFactory
Apr-25 14:34:56.753 [main] DEBUG nextflow.cache.CacheFactory - Using Nextflow cache factory: nextflow.cache.DefaultCacheFactory
Apr-25 14:34:56.762 [main] DEBUG nextflow.util.CustomThreadPool - Creating default thread pool > poolSize: 9; maxThreads: 1000
Apr-25 14:34:56.878 [main] DEBUG nextflow.Session - Session start invoked
Apr-25 14:34:56.883 [main] DEBUG nextflow.trace.TraceFileObserver - Flow starting -- trace file: /Users/keng/nf-core-v2/circdna/null/pipeline_info/execution_trace_2023-04-25_14-34-55.txt
Apr-25 14:34:56.905 [main] DEBUG nextflow.Session - Using default localLib path: /Users/keng/nf-core-v2/circdna/lib
Apr-25 14:34:56.916 [main] DEBUG nextflow.Session - Adding to the classpath library: /Users/keng/nf-core-v2/circdna/lib
Apr-25 14:34:56.918 [main] DEBUG nextflow.Session - Adding to the classpath library: /Users/keng/nf-core-v2/circdna/lib/nfcore_external_java_deps.jar
Apr-25 14:34:57.972 [main] DEBUG nextflow.script.ScriptRunner - > Launching execution
Apr-25 14:34:58.249 [main] WARN  nextflow.Nextflow - Found unexpected parameters:
* --conda_enabled: false
* --ica_smoke_test: false
Apr-25 14:34:58.250 [main] INFO  nextflow.Nextflow - - [2mIgnore this warning: params.schema_ignore_params = "conda_enabled,ica_smoke_test" [0m
Apr-25 14:34:58.261 [main] INFO  nextflow.Nextflow - 

-[2m----------------------------------------------------[0m-
                                        [0;32m,--.[0;30m/[0;32m,-.[0m
[0;34m        ___     __   __   __   ___     [0;32m/,-._.--~'[0m
[0;34m  |\ | |__  __ /  ` /  \ |__) |__         [0;33m}  {[0m
[0;34m  | \| |       \__, \__/ |  \ |___     [0;32m\`-._,-`-,[0m
                                        [0;32m`._,._,'[0m
[0;35m  nf-core/circdna v1.0.1[0m
-[2m----------------------------------------------------[0m-
[1mCore Nextflow options[0m
  [0;34mrunName                   : [0;32mgloomy_watson[0m
  [0;34mcontainerEngine           : [0;32mdocker[0m
  [0;34mlaunchDir                 : [0;32m/Users/keng/nf-core-v2/circdna[0m
  [0;34mworkDir                   : [0;32m/Users/keng/nf-core-v2/circdna/work[0m
  [0;34mprojectDir                : [0;32m/Users/keng/nf-core-v2/circdna[0m
  [0;34muserName                  : [0;32mroot[0m
  [0;34mprofile                   : [0;32mstandard[0m
  [0;34mconfigFiles               : [0;32m/Users/keng/nf-core-v2/circdna/nextflow.config, /Users/keng/nf-core-v2/circdna/nextflow.ica.config[0m

[1mInput/output options[0m
  [0;34minput                     : [0;32minput.csv[0m
  [0;34moutdir                    : [0;32mout[0m

[1mCircular DNA identifier options[0m
  [0;34mcircle_identifier         : [0;32mcircexplorer2[0m

[1mAmpliconArchitect options[0m
  [0;34mreference_build           : [0;32mnull[0m

[1mInstitutional config options[0m
  [0;34mconfig_profile_name       : [0;32mLong Run Time[0m
  [0;34mconfig_profile_description: [0;32mThis is a pipeline run with a long maximum time[0m

[1mMax job request options[0m
  [0;34mmax_time                  : [0;32m20000.h[0m

[1mGeneric options[0m
  [0;34mtracedir                  : [0;32mnull/pipeline_info[0m

!! Only displaying parameters that differ from the pipeline defaults !!
-[2m----------------------------------------------------[0m-
If you use nf-core/circdna for your analysis please cite:

* The nf-core framework
  https://doi.org/10.1038/s41587-020-0439-x

* Software dependencies
  https://github.com/nf-core/circdna/blob/master/CITATIONS.md
-[2m----------------------------------------------------[0m-
Apr-25 14:35:00.809 [main] ERROR nextflow.Nextflow - Genome fasta file not specified with e.g. '--fasta genome.fa' or via a detectable config file.
