Apr-25 14:01:58.122 [main] DEBUG nextflow.cli.Launcher - $> nextflow run main.nf -c nextflow.ica.config --input input.csv
Apr-25 14:01:58.194 [main] INFO  nextflow.cli.CmdRun - N E X T F L O W  ~  version 22.04.3
Apr-25 14:01:58.215 [main] DEBUG nextflow.config.ConfigBuilder - Found config local: /Users/keng/nf-core-v2/ampliseq/nextflow.config
Apr-25 14:01:58.221 [main] DEBUG nextflow.config.ConfigBuilder - User config file: /Users/keng/nf-core-v2/ampliseq/nextflow.ica.config
Apr-25 14:01:58.222 [main] DEBUG nextflow.config.ConfigBuilder - Parsing config file: /Users/keng/nf-core-v2/ampliseq/nextflow.config
Apr-25 14:01:58.223 [main] DEBUG nextflow.config.ConfigBuilder - Parsing config file: /Users/keng/nf-core-v2/ampliseq/nextflow.ica.config
Apr-25 14:01:58.249 [main] DEBUG nextflow.config.ConfigBuilder - Applying config profile: `standard`
Apr-25 14:01:59.194 [main] DEBUG nextflow.plugin.PluginsFacade - Using Default plugins manager
Apr-25 14:01:59.207 [main] INFO  org.pf4j.DefaultPluginStatusProvider - Enabled plugins: []
Apr-25 14:01:59.210 [main] INFO  org.pf4j.DefaultPluginStatusProvider - Disabled plugins: []
Apr-25 14:01:59.215 [main] INFO  org.pf4j.DefaultPluginManager - PF4J version 3.4.1 in 'deployment' mode
Apr-25 14:01:59.219 [main] DEBUG nextflow.plugin.PluginsFacade - Using Default plugins manager
Apr-25 14:01:59.501 [main] DEBUG nextflow.plugin.PluginsFacade - Using Default plugins manager
Apr-25 14:02:00.057 [main] DEBUG nextflow.config.ConfigBuilder - Applying config profile: `standard`
Apr-25 14:02:00.164 [main] DEBUG nextflow.plugin.PluginsFacade - Using Default plugins manager
Apr-25 14:02:00.165 [main] DEBUG nextflow.plugin.PluginsFacade - Using Default plugins manager
Apr-25 14:02:00.238 [main] DEBUG nextflow.plugin.PluginsFacade - Using Default plugins manager
Apr-25 14:02:00.506 [main] DEBUG nextflow.cli.CmdRun - Applied DSL=2 from script declararion
Apr-25 14:02:00.530 [main] INFO  nextflow.cli.CmdRun - Launching `main.nf` [cheesy_franklin] DSL2 - revision: dd1df4241a
Apr-25 14:02:00.532 [main] DEBUG nextflow.plugin.PluginsFacade - Setting up plugin manager > mode=prod; plugins-dir=/.nextflow/plugins; core-plugins: nf-amazon@1.7.2,nf-azure@0.13.2,nf-console@1.0.3,nf-ga4gh@1.0.3,nf-google@1.1.4,nf-sqldb@0.4.0,nf-tower@1.4.0
Apr-25 14:02:00.534 [main] DEBUG nextflow.plugin.PluginsFacade - Plugins default=[]
Apr-25 14:02:00.547 [main] INFO  org.pf4j.DefaultPluginStatusProvider - Enabled plugins: []
Apr-25 14:02:00.548 [main] INFO  org.pf4j.DefaultPluginStatusProvider - Disabled plugins: []
Apr-25 14:02:00.551 [main] INFO  org.pf4j.DefaultPluginManager - PF4J version 3.4.1 in 'deployment' mode
Apr-25 14:02:00.574 [main] INFO  org.pf4j.AbstractPluginManager - No plugins
Apr-25 14:02:00.637 [main] DEBUG nextflow.Session - Session uuid: 16ccbd34-b9b9-41b5-bdb5-d34c0f7df38b
Apr-25 14:02:00.638 [main] DEBUG nextflow.Session - Run name: cheesy_franklin
Apr-25 14:02:00.640 [main] DEBUG nextflow.Session - Executor pool size: 8
Apr-25 14:02:00.684 [main] DEBUG nextflow.cli.CmdRun - 
  Version: 22.04.3 build 5703
  Created: 18-05-2022 19:22 UTC 
  System: Linux 5.15.49-linuxkit
  Runtime: Groovy 3.0.10 on OpenJDK 64-Bit Server VM 17.0.3+6-LTS
  Encoding: UTF-8 (UTF-8)
  Process: 1@955e0248d1ae [172.17.0.2]
  CPUs: 8 - Mem: 13.2 GB (1 GB) - Swap: 2 GB (1.9 GB)
Apr-25 14:02:00.730 [main] DEBUG nextflow.Session - Work-dir: /Users/keng/nf-core-v2/ampliseq/work [fuseblk]
Apr-25 14:02:00.772 [main] DEBUG nextflow.executor.ExecutorFactory - Extension executors providers=[]
Apr-25 14:02:00.782 [main] DEBUG nextflow.Session - Observer factory: DefaultObserverFactory
Apr-25 14:02:00.851 [main] DEBUG nextflow.cache.CacheFactory - Using Nextflow cache factory: nextflow.cache.DefaultCacheFactory
Apr-25 14:02:00.867 [main] DEBUG nextflow.util.CustomThreadPool - Creating default thread pool > poolSize: 9; maxThreads: 1000
Apr-25 14:02:01.005 [main] DEBUG nextflow.Session - Session start invoked
Apr-25 14:02:01.010 [main] DEBUG nextflow.trace.TraceFileObserver - Flow starting -- trace file: /Users/keng/nf-core-v2/ampliseq/null/pipeline_info/execution_trace_2023-04-25_14-01-59.txt
Apr-25 14:02:01.036 [main] DEBUG nextflow.Session - Using default localLib path: /Users/keng/nf-core-v2/ampliseq/lib
Apr-25 14:02:01.049 [main] DEBUG nextflow.Session - Adding to the classpath library: /Users/keng/nf-core-v2/ampliseq/lib
Apr-25 14:02:01.051 [main] DEBUG nextflow.Session - Adding to the classpath library: /Users/keng/nf-core-v2/ampliseq/lib/nfcore_external_java_deps.jar
Apr-25 14:02:02.227 [main] DEBUG nextflow.script.ScriptRunner - > Launching execution
Apr-25 14:02:02.554 [main] WARN  nextflow.Nextflow - Found unexpected parameters:
* --igenomes_ignore: false
* --conda_enabled: false
* --ica_smoke_test: false
Apr-25 14:02:02.556 [main] INFO  nextflow.Nextflow - - [2mIgnore this warning: params.schema_ignore_params = "igenomes_ignore,conda_enabled,ica_smoke_test" [0m
Apr-25 14:02:02.572 [main] INFO  nextflow.Nextflow - 

-[2m----------------------------------------------------[0m-
                                        [0;32m,--.[0;30m/[0;32m,-.[0m
[0;34m        ___     __   __   __   ___     [0;32m/,-._.--~'[0m
[0;34m  |\ | |__  __ /  ` /  \ |__) |__         [0;33m}  {[0m
[0;34m  | \| |       \__, \__/ |  \ |___     [0;32m\`-._,-`-,[0m
                                        [0;32m`._,._,'[0m
[0;35m  nf-core/ampliseq v2.4.1[0m
-[2m----------------------------------------------------[0m-
[1mCore Nextflow options[0m
  [0;34mrunName        : [0;32mcheesy_franklin[0m
  [0;34mcontainerEngine: [0;32mdocker[0m
  [0;34mlaunchDir      : [0;32m/Users/keng/nf-core-v2/ampliseq[0m
  [0;34mworkDir        : [0;32m/Users/keng/nf-core-v2/ampliseq/work[0m
  [0;34mprojectDir     : [0;32m/Users/keng/nf-core-v2/ampliseq[0m
  [0;34muserName       : [0;32mroot[0m
  [0;34mprofile        : [0;32mstandard[0m
  [0;34mconfigFiles    : [0;32m/Users/keng/nf-core-v2/ampliseq/nextflow.config, /Users/keng/nf-core-v2/ampliseq/nextflow.ica.config[0m

[1mMain arguments[0m
  [0;34minput          : [0;32minput.csv[0m
  [0;34moutdir         : [0;32mout[0m

[1mGeneric options[0m
  [0;34mtracedir       : [0;32mnull/pipeline_info[0m

!! Only displaying parameters that differ from the pipeline defaults !!
-[2m----------------------------------------------------[0m-
If you use nf-core/ampliseq for your analysis please cite:

* The pipeline publication
  https://doi.org/10.3389/fmicb.2020.550420

* The pipeline
  https://doi.org/10.5281/zenodo.1493841

* The nf-core framework
  https://doi.org/10.1038/s41587-020-0439-x

* Software dependencies
  https://github.com/nf-core/ampliseq/blob/master/CITATIONS.md
-[2m----------------------------------------------------[0m-
Apr-25 14:02:05.941 [main] WARN  nextflow.Nextflow - No DADA2 cutoffs were specified (`--trunclenf` & `--trunclenr`), therefore reads will be truncated where median quality drops below 25 (defined by `--trunc_qmin`) but at least a fraction of 0.75 (defined by `--trunc_rmin`) of the reads will be retained.
The chosen cutoffs do not account for required overlap for merging, therefore DADA2 might have poor merging efficiency or even fail.

Apr-25 14:02:05.943 [main] ERROR nextflow.Nextflow - Incompatible parameters: `--FW_primer` and `--RV_primer` are required for primer trimming. If primer trimming is not needed, use `--skip_cutadapt`.
