Apr-25 16:24:15.627 [main] DEBUG nextflow.cli.Launcher - $> nextflow run main.nf -c nextflow.ica.config --input input.csv
Apr-25 16:24:15.693 [main] INFO  nextflow.cli.CmdRun - N E X T F L O W  ~  version 22.04.3
Apr-25 16:24:15.711 [main] DEBUG nextflow.config.ConfigBuilder - Found config local: /Users/keng/nf-core-v2/rnafusion/nextflow.config
Apr-25 16:24:15.715 [main] DEBUG nextflow.config.ConfigBuilder - User config file: /Users/keng/nf-core-v2/rnafusion/nextflow.ica.config
Apr-25 16:24:15.717 [main] DEBUG nextflow.config.ConfigBuilder - Parsing config file: /Users/keng/nf-core-v2/rnafusion/nextflow.config
Apr-25 16:24:15.718 [main] DEBUG nextflow.config.ConfigBuilder - Parsing config file: /Users/keng/nf-core-v2/rnafusion/nextflow.ica.config
Apr-25 16:24:15.739 [main] DEBUG nextflow.config.ConfigBuilder - Applying config profile: `standard`
Apr-25 16:24:16.697 [main] DEBUG nextflow.plugin.PluginsFacade - Using Default plugins manager
Apr-25 16:24:16.707 [main] INFO  org.pf4j.DefaultPluginStatusProvider - Enabled plugins: []
Apr-25 16:24:16.710 [main] INFO  org.pf4j.DefaultPluginStatusProvider - Disabled plugins: []
Apr-25 16:24:16.713 [main] INFO  org.pf4j.DefaultPluginManager - PF4J version 3.4.1 in 'deployment' mode
Apr-25 16:24:16.718 [main] DEBUG nextflow.plugin.PluginsFacade - Using Default plugins manager
Apr-25 16:24:17.011 [main] DEBUG nextflow.plugin.PluginsFacade - Using Default plugins manager
Apr-25 16:24:17.278 [main] DEBUG nextflow.config.ConfigBuilder - Applying config profile: `standard`
Apr-25 16:24:17.414 [main] DEBUG nextflow.plugin.PluginsFacade - Using Default plugins manager
Apr-25 16:24:17.416 [main] DEBUG nextflow.plugin.PluginsFacade - Using Default plugins manager
Apr-25 16:24:17.497 [main] DEBUG nextflow.plugin.PluginsFacade - Using Default plugins manager
Apr-25 16:24:17.655 [main] DEBUG nextflow.cli.CmdRun - Applied DSL=2 from script declararion
Apr-25 16:24:17.671 [main] INFO  nextflow.cli.CmdRun - Launching `main.nf` [scruffy_baekeland] DSL2 - revision: 7206afbb9d
Apr-25 16:24:17.673 [main] DEBUG nextflow.plugin.PluginsFacade - Setting up plugin manager > mode=prod; plugins-dir=/.nextflow/plugins; core-plugins: nf-amazon@1.7.2,nf-azure@0.13.2,nf-console@1.0.3,nf-ga4gh@1.0.3,nf-google@1.1.4,nf-sqldb@0.4.0,nf-tower@1.4.0
Apr-25 16:24:17.678 [main] DEBUG nextflow.plugin.PluginsFacade - Plugins default=[]
Apr-25 16:24:17.691 [main] INFO  org.pf4j.DefaultPluginStatusProvider - Enabled plugins: []
Apr-25 16:24:17.692 [main] INFO  org.pf4j.DefaultPluginStatusProvider - Disabled plugins: []
Apr-25 16:24:17.694 [main] INFO  org.pf4j.DefaultPluginManager - PF4J version 3.4.1 in 'deployment' mode
Apr-25 16:24:17.704 [main] INFO  org.pf4j.AbstractPluginManager - No plugins
Apr-25 16:24:17.743 [main] DEBUG nextflow.Session - Session uuid: 6cdb81a6-e9e0-4d40-975c-9d7c5ac6907a
Apr-25 16:24:17.744 [main] DEBUG nextflow.Session - Run name: scruffy_baekeland
Apr-25 16:24:17.745 [main] DEBUG nextflow.Session - Executor pool size: 8
Apr-25 16:24:17.770 [main] DEBUG nextflow.cli.CmdRun - 
  Version: 22.04.3 build 5703
  Created: 18-05-2022 19:22 UTC 
  System: Linux 5.15.49-linuxkit
  Runtime: Groovy 3.0.10 on OpenJDK 64-Bit Server VM 17.0.3+6-LTS
  Encoding: UTF-8 (UTF-8)
  Process: 1@4b0123af595e [172.17.0.2]
  CPUs: 8 - Mem: 13.2 GB (1 GB) - Swap: 2 GB (1.9 GB)
Apr-25 16:24:17.805 [main] DEBUG nextflow.Session - Work-dir: /Users/keng/nf-core-v2/rnafusion/work [fuseblk]
Apr-25 16:24:17.824 [main] DEBUG nextflow.executor.ExecutorFactory - Extension executors providers=[]
Apr-25 16:24:17.853 [main] DEBUG nextflow.Session - Observer factory: DefaultObserverFactory
Apr-25 16:24:17.911 [main] DEBUG nextflow.cache.CacheFactory - Using Nextflow cache factory: nextflow.cache.DefaultCacheFactory
Apr-25 16:24:17.920 [main] DEBUG nextflow.util.CustomThreadPool - Creating default thread pool > poolSize: 9; maxThreads: 1000
Apr-25 16:24:18.029 [main] DEBUG nextflow.Session - Session start invoked
Apr-25 16:24:18.034 [main] DEBUG nextflow.trace.TraceFileObserver - Flow starting -- trace file: /Users/keng/nf-core-v2/rnafusion/null/pipeline_info/execution_trace_2023-04-25_16-24-17.txt
Apr-25 16:24:18.057 [main] DEBUG nextflow.Session - Using default localLib path: /Users/keng/nf-core-v2/rnafusion/lib
Apr-25 16:24:18.068 [main] DEBUG nextflow.Session - Adding to the classpath library: /Users/keng/nf-core-v2/rnafusion/lib
Apr-25 16:24:18.071 [main] DEBUG nextflow.Session - Adding to the classpath library: /Users/keng/nf-core-v2/rnafusion/lib/nfcore_external_java_deps.jar
Apr-25 16:24:19.102 [main] DEBUG nextflow.script.ScriptRunner - > Launching execution
Apr-25 16:24:19.368 [main] WARN  nextflow.Nextflow - Found unexpected parameters:
* --igenomes_ignore: false
* --conda_enabled: false
* --ica_smoke_test: false
Apr-25 16:24:19.370 [main] INFO  nextflow.Nextflow - - [2mIgnore this warning: params.schema_ignore_params = "igenomes_ignore,conda_enabled,ica_smoke_test" [0m
Apr-25 16:24:19.382 [main] INFO  nextflow.Nextflow - 

-[2m----------------------------------------------------[0m-
                                        [0;32m,--.[0;30m/[0;32m,-.[0m
[0;34m        ___     __   __   __   ___     [0;32m/,-._.--~'[0m
[0;34m  |\ | |__  __ /  ` /  \ |__) |__         [0;33m}  {[0m
[0;34m  | \| |       \__, \__/ |  \ |___     [0;32m\`-._,-`-,[0m
                                        [0;32m`._,._,'[0m
[0;35m  nf-core/rnafusion v2.1.0[0m
-[2m----------------------------------------------------[0m-
[1mCore Nextflow options[0m
  [0;34mrunName                           : [0;32mscruffy_baekeland[0m
  [0;34mcontainerEngine                   : [0;32mdocker[0m
  [0;34mlaunchDir                         : [0;32m/Users/keng/nf-core-v2/rnafusion[0m
  [0;34mworkDir                           : [0;32m/Users/keng/nf-core-v2/rnafusion/work[0m
  [0;34mprojectDir                        : [0;32m/Users/keng/nf-core-v2/rnafusion[0m
  [0;34muserName                          : [0;32mroot[0m
  [0;34mprofile                           : [0;32mstandard[0m
  [0;34mconfigFiles                       : [0;32m/Users/keng/nf-core-v2/rnafusion/nextflow.config, /Users/keng/nf-core-v2/rnafusion/nextflow.ica.config[0m

[1mInput/output options[0m
  [0;34minput                             : [0;32minput.csv[0m
  [0;34moutdir                            : [0;32mout[0m
  [0;34mgenomes_base                      : [0;32m[:]/references[0m
  [0;34mensembl_version                   : [0;32m102[0m
  [0;34mstarfusion_build                  : [0;32mtrue[0m
  [0;34marriba_ref                        : [0;32m/usr/local/var/lib/arriba[0m
  [0;34marriba_ref_blacklist              : [0;32m/usr/local/var/lib/arriba/blacklist_hg38_GRCh38_v2.3.0.tsv.gz[0m
  [0;34marriba_ref_protein_domain         : [0;32m/usr/local/var/lib/arriba/protein_domains_hg38_GRCh38_v2.3.0.gff3[0m
  [0;34mensembl_ref                       : [0;32m[:]/references/ensembl[0m
  [0;34mfusioncatcher_limitSjdbInsertNsj  : [0;32m2000000[0m
  [0;34mfusioncatcher_ref                 : [0;32m[:]/references/fusioncatcher/human_v102[0m
  [0;34mfusioninspector_limitSjdbInsertNsj: [0;32m1000000[0m
  [0;34mfusionreport_ref                  : [0;32m[:]/references/fusion_report_db[0m
  [0;34mpizzly_ref                        : [0;32m[:]/references/pizzly/kallisto[0m
  [0;34msquid_ref                         : [0;32m[:]/references/squid[0m
  [0;34mstarfusion_ref                    : [0;32m[:]/references/starfusion/ctat_genome_lib_build_dir[0m
  [0;34mstarindex_ref                     : [0;32m[:]/references/star[0m

[1mReference genome options[0m
  [0;34mgenome                            : [0;32mGRCh38[0m
  [0;34mfasta                             : [0;32m[:]/references/ensembl/Homo_sapiens.GRCh38.102.all.fa[0m
  [0;34mgtf                               : [0;32m[:]/references/ensembl/Homo_sapiens.GRCh38.102.gtf[0m
  [0;34mchrgtf                            : [0;32m[:]/references/ensembl/Homo_sapiens.GRCh38.102.chr.gtf[0m
  [0;34mtranscript                        : [0;32m[:]/references/ensembl/Homo_sapiens.GRCh38.102.cdna.all.fa.gz[0m
  [0;34mrefflat                           : [0;32m[:]/references/ensembl/Homo_sapiens.GRCh38.102.chr.gtf.refflat[0m

[1mGeneric options[0m
  [0;34mtracedir                          : [0;32mnull/pipeline_info[0m

!! Only displaying parameters that differ from the pipeline defaults !!
-[2m----------------------------------------------------[0m-
If you use nf-core/rnafusion for your analysis please cite:

* The pipeline
  https://doi.org/10.5281/zenodo.151721952

* The nf-core framework
  https://doi.org/10.1038/s41587-020-0439-x

* Software dependencies
  https://github.com/nf-core/rnafusion/blob/master/CITATIONS.md
-[2m----------------------------------------------------[0m-
Apr-25 16:24:22.087 [main] ERROR nextflow.Nextflow - Input samplesheet does not exist or was not specified!
