Apr-25 16:56:56.344 [main] DEBUG nextflow.cli.Launcher - $> nextflow run main.nf -c nextflow.ica.config --input input.csv
Apr-25 16:56:56.407 [main] INFO  nextflow.cli.CmdRun - N E X T F L O W  ~  version 22.04.3
Apr-25 16:56:56.425 [main] DEBUG nextflow.config.ConfigBuilder - Found config local: /Users/keng/nf-core-v2/scrnaseq/nextflow.config
Apr-25 16:56:56.430 [main] DEBUG nextflow.config.ConfigBuilder - User config file: /Users/keng/nf-core-v2/scrnaseq/nextflow.ica.config
Apr-25 16:56:56.431 [main] DEBUG nextflow.config.ConfigBuilder - Parsing config file: /Users/keng/nf-core-v2/scrnaseq/nextflow.config
Apr-25 16:56:56.432 [main] DEBUG nextflow.config.ConfigBuilder - Parsing config file: /Users/keng/nf-core-v2/scrnaseq/nextflow.ica.config
Apr-25 16:56:56.454 [main] DEBUG nextflow.config.ConfigBuilder - Applying config profile: `standard`
Apr-25 16:56:57.270 [main] DEBUG nextflow.plugin.PluginsFacade - Using Default plugins manager
Apr-25 16:56:57.279 [main] INFO  org.pf4j.DefaultPluginStatusProvider - Enabled plugins: []
Apr-25 16:56:57.281 [main] INFO  org.pf4j.DefaultPluginStatusProvider - Disabled plugins: []
Apr-25 16:56:57.284 [main] INFO  org.pf4j.DefaultPluginManager - PF4J version 3.4.1 in 'deployment' mode
Apr-25 16:56:57.287 [main] DEBUG nextflow.plugin.PluginsFacade - Using Default plugins manager
Apr-25 16:56:57.555 [main] DEBUG nextflow.plugin.PluginsFacade - Using Default plugins manager
Apr-25 16:56:57.927 [main] DEBUG nextflow.config.ConfigBuilder - Applying config profile: `standard`
Apr-25 16:56:58.008 [main] DEBUG nextflow.plugin.PluginsFacade - Using Default plugins manager
Apr-25 16:56:58.010 [main] DEBUG nextflow.plugin.PluginsFacade - Using Default plugins manager
Apr-25 16:56:58.087 [main] DEBUG nextflow.plugin.PluginsFacade - Using Default plugins manager
Apr-25 16:56:58.283 [main] DEBUG nextflow.cli.CmdRun - Applied DSL=2 from script declararion
Apr-25 16:56:58.300 [main] INFO  nextflow.cli.CmdRun - Launching `main.nf` [stupefied_sax] DSL2 - revision: e3ca30a4d1
Apr-25 16:56:58.302 [main] DEBUG nextflow.plugin.PluginsFacade - Setting up plugin manager > mode=prod; plugins-dir=/.nextflow/plugins; core-plugins: nf-amazon@1.7.2,nf-azure@0.13.2,nf-console@1.0.3,nf-ga4gh@1.0.3,nf-google@1.1.4,nf-sqldb@0.4.0,nf-tower@1.4.0
Apr-25 16:56:58.304 [main] DEBUG nextflow.plugin.PluginsFacade - Plugins default=[]
Apr-25 16:56:58.317 [main] INFO  org.pf4j.DefaultPluginStatusProvider - Enabled plugins: []
Apr-25 16:56:58.318 [main] INFO  org.pf4j.DefaultPluginStatusProvider - Disabled plugins: []
Apr-25 16:56:58.320 [main] INFO  org.pf4j.DefaultPluginManager - PF4J version 3.4.1 in 'deployment' mode
Apr-25 16:56:58.329 [main] INFO  org.pf4j.AbstractPluginManager - No plugins
Apr-25 16:56:58.365 [main] DEBUG nextflow.Session - Session uuid: 1a9f1c51-2ee4-4625-b1e0-14ee3ff90aa9
Apr-25 16:56:58.366 [main] DEBUG nextflow.Session - Run name: stupefied_sax
Apr-25 16:56:58.368 [main] DEBUG nextflow.Session - Executor pool size: 8
Apr-25 16:56:58.388 [main] DEBUG nextflow.cli.CmdRun - 
  Version: 22.04.3 build 5703
  Created: 18-05-2022 19:22 UTC 
  System: Linux 5.15.49-linuxkit
  Runtime: Groovy 3.0.10 on OpenJDK 64-Bit Server VM 17.0.3+6-LTS
  Encoding: UTF-8 (UTF-8)
  Process: 1@531ac4179f65 [172.17.0.2]
  CPUs: 8 - Mem: 13.2 GB (1 GB) - Swap: 2 GB (1.9 GB)
Apr-25 16:56:58.421 [main] DEBUG nextflow.Session - Work-dir: /Users/keng/nf-core-v2/scrnaseq/work [fuseblk]
Apr-25 16:56:58.443 [main] DEBUG nextflow.executor.ExecutorFactory - Extension executors providers=[]
Apr-25 16:56:58.451 [main] DEBUG nextflow.Session - Observer factory: DefaultObserverFactory
Apr-25 16:56:58.498 [main] DEBUG nextflow.cache.CacheFactory - Using Nextflow cache factory: nextflow.cache.DefaultCacheFactory
Apr-25 16:56:58.507 [main] DEBUG nextflow.util.CustomThreadPool - Creating default thread pool > poolSize: 9; maxThreads: 1000
Apr-25 16:56:58.606 [main] DEBUG nextflow.Session - Session start invoked
Apr-25 16:56:58.610 [main] DEBUG nextflow.trace.TraceFileObserver - Flow starting -- trace file: /Users/keng/nf-core-v2/scrnaseq/null/pipeline_info/execution_trace_2023-04-25_16-56-57.txt
Apr-25 16:56:58.630 [main] DEBUG nextflow.Session - Using default localLib path: /Users/keng/nf-core-v2/scrnaseq/lib
Apr-25 16:56:58.641 [main] DEBUG nextflow.Session - Adding to the classpath library: /Users/keng/nf-core-v2/scrnaseq/lib
Apr-25 16:56:58.643 [main] DEBUG nextflow.Session - Adding to the classpath library: /Users/keng/nf-core-v2/scrnaseq/lib/nfcore_external_java_deps.jar
Apr-25 16:56:59.646 [main] DEBUG nextflow.script.ScriptRunner - > Launching execution
Apr-25 16:56:59.917 [main] WARN  nextflow.Nextflow - Found unexpected parameters:
* --conda_enabled: false
* --ica_smoke_test: false
Apr-25 16:56:59.919 [main] INFO  nextflow.Nextflow - - [2mIgnore this warning: params.schema_ignore_params = "conda_enabled,ica_smoke_test" [0m
Apr-25 16:56:59.929 [main] INFO  nextflow.Nextflow - 

-[2m----------------------------------------------------[0m-
                                        [0;32m,--.[0;30m/[0;32m,-.[0m
[0;34m        ___     __   __   __   ___     [0;32m/,-._.--~'[0m
[0;34m  |\ | |__  __ /  ` /  \ |__) |__         [0;33m}  {[0m
[0;34m  | \| |       \__, \__/ |  \ |___     [0;32m\`-._,-`-,[0m
                                        [0;32m`._,._,'[0m
[0;35m  nf-core/scrnaseq v2.1.0[0m
-[2m----------------------------------------------------[0m-
[1mCore Nextflow options[0m
  [0;34mrunName         : [0;32mstupefied_sax[0m
  [0;34mcontainerEngine : [0;32mdocker[0m
  [0;34mlaunchDir       : [0;32m/Users/keng/nf-core-v2/scrnaseq[0m
  [0;34mworkDir         : [0;32m/Users/keng/nf-core-v2/scrnaseq/work[0m
  [0;34mprojectDir      : [0;32m/Users/keng/nf-core-v2/scrnaseq[0m
  [0;34muserName        : [0;32mroot[0m
  [0;34mprofile         : [0;32mstandard[0m
  [0;34mconfigFiles     : [0;32m/Users/keng/nf-core-v2/scrnaseq/nextflow.config, /Users/keng/nf-core-v2/scrnaseq/nextflow.ica.config[0m

[1mInput/output options[0m
  [0;34minput           : [0;32minput.csv[0m
  [0;34moutdir          : [0;32mout[0m

[1mMandatory arguments[0m
  [0;34mprotocol        : [0;32m10XV3[0m

[1mKallisto/BUS Options[0m
  [0;34mbustools_correct: [0;32mtrue[0m

[1mGeneric options[0m
  [0;34mtracedir        : [0;32mnull/pipeline_info[0m

!! Only displaying parameters that differ from the pipeline defaults !!
-[2m----------------------------------------------------[0m-
If you use nf-core/scrnaseq for your analysis please cite:

* The pipeline
  https://doi.org/10.5281/zenodo.3568187

* The nf-core framework
  https://doi.org/10.1038/s41587-020-0439-x

* Software dependencies
  https://github.com/nf-core/scrnaseq/blob/master/CITATIONS.md
-[2m----------------------------------------------------[0m-
Apr-25 16:57:01.274 [main] ERROR nextflow.Nextflow - Genome fasta file not specified with e.g. '--fasta genome.fa' or via a detectable config file.
