Apr-25 16:29:53.757 [main] DEBUG nextflow.cli.Launcher - $> nextflow run main.nf -c nextflow.ica.config --input input.csv
Apr-25 16:29:53.826 [main] INFO  nextflow.cli.CmdRun - N E X T F L O W  ~  version 22.04.3
Apr-25 16:29:53.846 [main] DEBUG nextflow.config.ConfigBuilder - Found config local: /Users/keng/nf-core-v2/rnaseq/nextflow.config
Apr-25 16:29:53.851 [main] DEBUG nextflow.config.ConfigBuilder - User config file: /Users/keng/nf-core-v2/rnaseq/nextflow.ica.config
Apr-25 16:29:53.852 [main] DEBUG nextflow.config.ConfigBuilder - Parsing config file: /Users/keng/nf-core-v2/rnaseq/nextflow.config
Apr-25 16:29:53.853 [main] DEBUG nextflow.config.ConfigBuilder - Parsing config file: /Users/keng/nf-core-v2/rnaseq/nextflow.ica.config
Apr-25 16:29:53.877 [main] DEBUG nextflow.config.ConfigBuilder - Applying config profile: `standard`
Apr-25 16:29:54.715 [main] DEBUG nextflow.plugin.PluginsFacade - Using Default plugins manager
Apr-25 16:29:54.724 [main] INFO  org.pf4j.DefaultPluginStatusProvider - Enabled plugins: []
Apr-25 16:29:54.727 [main] INFO  org.pf4j.DefaultPluginStatusProvider - Disabled plugins: []
Apr-25 16:29:54.730 [main] INFO  org.pf4j.DefaultPluginManager - PF4J version 3.4.1 in 'deployment' mode
Apr-25 16:29:54.734 [main] DEBUG nextflow.plugin.PluginsFacade - Using Default plugins manager
Apr-25 16:29:55.011 [main] DEBUG nextflow.plugin.PluginsFacade - Using Default plugins manager
Apr-25 16:29:55.017 [main] DEBUG nextflow.plugin.PluginsFacade - Using Default plugins manager
Apr-25 16:29:55.018 [main] DEBUG nextflow.plugin.PluginsFacade - Using Default plugins manager
Apr-25 16:29:55.097 [main] DEBUG nextflow.plugin.PluginsFacade - Using Default plugins manager
Apr-25 16:29:55.890 [main] DEBUG nextflow.config.ConfigBuilder - Applying config profile: `standard`
Apr-25 16:29:55.982 [main] DEBUG nextflow.plugin.PluginsFacade - Using Default plugins manager
Apr-25 16:29:55.989 [main] DEBUG nextflow.plugin.PluginsFacade - Using Default plugins manager
Apr-25 16:29:56.062 [main] DEBUG nextflow.plugin.PluginsFacade - Using Default plugins manager
Apr-25 16:29:56.065 [main] DEBUG nextflow.plugin.PluginsFacade - Using Default plugins manager
Apr-25 16:29:56.066 [main] DEBUG nextflow.plugin.PluginsFacade - Using Default plugins manager
Apr-25 16:29:56.135 [main] DEBUG nextflow.plugin.PluginsFacade - Using Default plugins manager
Apr-25 16:29:56.523 [main] DEBUG nextflow.cli.CmdRun - Applied DSL=2 from script declararion
Apr-25 16:29:56.538 [main] INFO  nextflow.cli.CmdRun - Launching `main.nf` [festering_becquerel] DSL2 - revision: fd219f8633
Apr-25 16:29:56.541 [main] DEBUG nextflow.plugin.PluginsFacade - Setting up plugin manager > mode=prod; plugins-dir=/.nextflow/plugins; core-plugins: nf-amazon@1.7.2,nf-azure@0.13.2,nf-console@1.0.3,nf-ga4gh@1.0.3,nf-google@1.1.4,nf-sqldb@0.4.0,nf-tower@1.4.0
Apr-25 16:29:56.542 [main] DEBUG nextflow.plugin.PluginsFacade - Plugins default=[]
Apr-25 16:29:56.553 [main] INFO  org.pf4j.DefaultPluginStatusProvider - Enabled plugins: []
Apr-25 16:29:56.555 [main] INFO  org.pf4j.DefaultPluginStatusProvider - Disabled plugins: []
Apr-25 16:29:56.557 [main] INFO  org.pf4j.DefaultPluginManager - PF4J version 3.4.1 in 'deployment' mode
Apr-25 16:29:56.566 [main] INFO  org.pf4j.AbstractPluginManager - No plugins
Apr-25 16:29:56.603 [main] DEBUG nextflow.Session - Session uuid: 1f95b3ea-3adc-481c-b61c-e366101fb4ad
Apr-25 16:29:56.605 [main] DEBUG nextflow.Session - Run name: festering_becquerel
Apr-25 16:29:56.606 [main] DEBUG nextflow.Session - Executor pool size: 8
Apr-25 16:29:56.629 [main] DEBUG nextflow.cli.CmdRun - 
  Version: 22.04.3 build 5703
  Created: 18-05-2022 19:22 UTC 
  System: Linux 5.15.49-linuxkit
  Runtime: Groovy 3.0.10 on OpenJDK 64-Bit Server VM 17.0.3+6-LTS
  Encoding: UTF-8 (UTF-8)
  Process: 1@dfa110739b34 [172.17.0.2]
  CPUs: 8 - Mem: 13.2 GB (966.4 MB) - Swap: 2 GB (1.9 GB)
Apr-25 16:29:56.662 [main] DEBUG nextflow.Session - Work-dir: /Users/keng/nf-core-v2/rnaseq/work [fuseblk]
Apr-25 16:29:56.693 [main] DEBUG nextflow.executor.ExecutorFactory - Extension executors providers=[]
Apr-25 16:29:56.704 [main] DEBUG nextflow.Session - Observer factory: DefaultObserverFactory
Apr-25 16:29:56.771 [main] DEBUG nextflow.cache.CacheFactory - Using Nextflow cache factory: nextflow.cache.DefaultCacheFactory
Apr-25 16:29:56.780 [main] DEBUG nextflow.util.CustomThreadPool - Creating default thread pool > poolSize: 9; maxThreads: 1000
Apr-25 16:29:56.882 [main] DEBUG nextflow.Session - Session start invoked
Apr-25 16:29:56.887 [main] DEBUG nextflow.trace.TraceFileObserver - Flow starting -- trace file: /Users/keng/nf-core-v2/rnaseq/null/pipeline_info/execution_trace_2023-04-25_16-29-55.txt
Apr-25 16:29:56.910 [main] DEBUG nextflow.Session - Using default localLib path: /Users/keng/nf-core-v2/rnaseq/lib
Apr-25 16:29:56.921 [main] DEBUG nextflow.Session - Adding to the classpath library: /Users/keng/nf-core-v2/rnaseq/lib
Apr-25 16:29:56.923 [main] DEBUG nextflow.Session - Adding to the classpath library: /Users/keng/nf-core-v2/rnaseq/lib/nfcore_external_java_deps.jar
Apr-25 16:29:57.942 [main] DEBUG nextflow.script.ScriptRunner - > Launching execution
Apr-25 16:29:57.995 [main] INFO  nextflow.Nextflow - 

-[2m----------------------------------------------------[0m-
                                        [0;32m,--.[0;30m/[0;32m,-.[0m
[0;34m        ___     __   __   __   ___     [0;32m/,-._.--~'[0m
[0;34m  |\ | |__  __ /  ` /  \ |__) |__         [0;33m}  {[0m
[0;34m  | \| |       \__, \__/ |  \ |___     [0;32m\`-._,-`-,[0m
                                        [0;32m`._,._,'[0m
[0;35m  nf-core/rnaseq v3.10[0m
-[2m----------------------------------------------------[0m-
[1mCore Nextflow options[0m
  [0;34mrunName        : [0;32mfestering_becquerel[0m
  [0;34mcontainerEngine: [0;32mdocker[0m
  [0;34mlaunchDir      : [0;32m/Users/keng/nf-core-v2/rnaseq[0m
  [0;34mworkDir        : [0;32m/Users/keng/nf-core-v2/rnaseq/work[0m
  [0;34mprojectDir     : [0;32m/Users/keng/nf-core-v2/rnaseq[0m
  [0;34muserName       : [0;32mroot[0m
  [0;34mprofile        : [0;32mstandard[0m
  [0;34mconfigFiles    : [0;32m/Users/keng/nf-core-v2/rnaseq/nextflow.config, /Users/keng/nf-core-v2/rnaseq/nextflow.ica.config[0m

[1mInput/output options[0m
  [0;34minput          : [0;32minput.csv[0m
  [0;34moutdir         : [0;32mout[0m

[1mGeneric options[0m
  [0;34mtracedir       : [0;32mnull/pipeline_info[0m

!! Only displaying parameters that differ from the pipeline defaults !!
-[2m----------------------------------------------------[0m-
If you use nf-core/rnaseq for your analysis please cite:

* The pipeline
  https://doi.org/10.5281/zenodo.1400710

* The nf-core framework
  https://doi.org/10.1038/s41587-020-0439-x

* Software dependencies
  https://github.com/nf-core/rnaseq/blob/master/CITATIONS.md
-[2m----------------------------------------------------[0m-
Apr-25 16:29:58.230 [main] WARN  nextflow.Nextflow - Found unexpected parameters:
* --enable_conda: false
* --conda_enabled: false
* --ica_smoke_test: false
Apr-25 16:29:58.231 [main] INFO  nextflow.Nextflow - - [2mIgnore this warning: params.schema_ignore_params = "enable_conda,conda_enabled,ica_smoke_test" [0m
Apr-25 16:30:01.097 [main] ERROR nextflow.Nextflow - Genome fasta file not specified with e.g. '--fasta genome.fa' or via a detectable config file.
