Apr-25 14:52:27.818 [main] DEBUG nextflow.cli.Launcher - $> nextflow run main.nf -c nextflow.ica.config --input input.csv
Apr-25 14:52:27.885 [main] INFO  nextflow.cli.CmdRun - N E X T F L O W  ~  version 22.04.3
Apr-25 14:52:27.906 [main] DEBUG nextflow.config.ConfigBuilder - Found config local: /Users/keng/nf-core-v2/eager/nextflow.config
Apr-25 14:52:27.911 [main] DEBUG nextflow.config.ConfigBuilder - User config file: /Users/keng/nf-core-v2/eager/nextflow.ica.config
Apr-25 14:52:27.912 [main] DEBUG nextflow.config.ConfigBuilder - Parsing config file: /Users/keng/nf-core-v2/eager/nextflow.config
Apr-25 14:52:27.914 [main] DEBUG nextflow.config.ConfigBuilder - Parsing config file: /Users/keng/nf-core-v2/eager/nextflow.ica.config
Apr-25 14:52:27.944 [main] DEBUG nextflow.config.ConfigBuilder - Applying config profile: `standard`
Apr-25 14:52:28.994 [main] DEBUG nextflow.plugin.PluginsFacade - Using Default plugins manager
Apr-25 14:52:29.006 [main] INFO  org.pf4j.DefaultPluginStatusProvider - Enabled plugins: []
Apr-25 14:52:29.008 [main] INFO  org.pf4j.DefaultPluginStatusProvider - Disabled plugins: []
Apr-25 14:52:29.011 [main] INFO  org.pf4j.DefaultPluginManager - PF4J version 3.4.1 in 'deployment' mode
Apr-25 14:52:29.016 [main] DEBUG nextflow.plugin.PluginsFacade - Using Default plugins manager
Apr-25 14:52:29.303 [main] DEBUG nextflow.plugin.PluginsFacade - Using Default plugins manager
Apr-25 14:52:29.308 [main] DEBUG nextflow.plugin.PluginsFacade - Using Default plugins manager
Apr-25 14:52:29.309 [main] DEBUG nextflow.plugin.PluginsFacade - Using Default plugins manager
Apr-25 14:52:29.382 [main] DEBUG nextflow.plugin.PluginsFacade - Using Default plugins manager
Apr-25 14:52:29.407 [main] DEBUG nextflow.config.ConfigBuilder - Applying config profile: `standard`
Apr-25 14:52:29.527 [main] DEBUG nextflow.plugin.PluginsFacade - Using Default plugins manager
Apr-25 14:52:29.528 [main] DEBUG nextflow.plugin.PluginsFacade - Using Default plugins manager
Apr-25 14:52:29.596 [main] DEBUG nextflow.plugin.PluginsFacade - Using Default plugins manager
Apr-25 14:52:29.598 [main] DEBUG nextflow.plugin.PluginsFacade - Using Default plugins manager
Apr-25 14:52:29.599 [main] DEBUG nextflow.plugin.PluginsFacade - Using Default plugins manager
Apr-25 14:52:29.663 [main] DEBUG nextflow.plugin.PluginsFacade - Using Default plugins manager
Apr-25 14:52:29.906 [main] DEBUG nextflow.cli.CmdRun - Applied DSL=1 from script declararion
Apr-25 14:52:29.927 [main] INFO  nextflow.cli.CmdRun - Launching `main.nf` [sleepy_darwin] DSL1 - revision: 4c126fbbc3
Apr-25 14:52:29.929 [main] DEBUG nextflow.plugin.PluginsFacade - Setting up plugin manager > mode=prod; plugins-dir=/.nextflow/plugins; core-plugins: nf-amazon@1.7.2,nf-azure@0.13.2,nf-console@1.0.3,nf-ga4gh@1.0.3,nf-google@1.1.4,nf-sqldb@0.4.0,nf-tower@1.4.0
Apr-25 14:52:29.931 [main] DEBUG nextflow.plugin.PluginsFacade - Plugins default=[]
Apr-25 14:52:29.943 [main] INFO  org.pf4j.DefaultPluginStatusProvider - Enabled plugins: []
Apr-25 14:52:29.944 [main] INFO  org.pf4j.DefaultPluginStatusProvider - Disabled plugins: []
Apr-25 14:52:29.946 [main] INFO  org.pf4j.DefaultPluginManager - PF4J version 3.4.1 in 'deployment' mode
Apr-25 14:52:29.956 [main] INFO  org.pf4j.AbstractPluginManager - No plugins
Apr-25 14:52:29.991 [main] DEBUG nextflow.Session - Session uuid: ae3194a8-2adb-45bb-9fb1-a78eba401c19
Apr-25 14:52:29.993 [main] DEBUG nextflow.Session - Run name: sleepy_darwin
Apr-25 14:52:29.994 [main] DEBUG nextflow.Session - Executor pool size: 8
Apr-25 14:52:30.015 [main] DEBUG nextflow.cli.CmdRun - 
  Version: 22.04.3 build 5703
  Created: 18-05-2022 19:22 UTC 
  System: Linux 5.15.49-linuxkit
  Runtime: Groovy 3.0.10 on OpenJDK 64-Bit Server VM 17.0.3+6-LTS
  Encoding: UTF-8 (UTF-8)
  Process: 1@fb03b3ff6b4a [172.17.0.2]
  CPUs: 8 - Mem: 13.2 GB (1 GB) - Swap: 2 GB (1.9 GB)
Apr-25 14:52:30.052 [main] DEBUG nextflow.Session - Work-dir: /Users/keng/nf-core-v2/eager/work [fuseblk]
Apr-25 14:52:30.076 [main] DEBUG nextflow.executor.ExecutorFactory - Extension executors providers=[]
Apr-25 14:52:30.086 [main] DEBUG nextflow.Session - Observer factory: DefaultObserverFactory
Apr-25 14:52:30.212 [main] DEBUG nextflow.cache.CacheFactory - Using Nextflow cache factory: nextflow.cache.DefaultCacheFactory
Apr-25 14:52:30.221 [main] DEBUG nextflow.util.CustomThreadPool - Creating default thread pool > poolSize: 9; maxThreads: 1000
Apr-25 14:52:30.327 [main] DEBUG nextflow.Session - Session start invoked
Apr-25 14:52:30.331 [main] DEBUG nextflow.trace.TraceFileObserver - Flow starting -- trace file: /Users/keng/nf-core-v2/eager/results/pipeline_info/execution_trace_2023-04-25_14-52-29.txt
Apr-25 14:52:30.354 [main] DEBUG nextflow.Session - Using default localLib path: /Users/keng/nf-core-v2/eager/lib
Apr-25 14:52:30.363 [main] DEBUG nextflow.Session - Adding to the classpath library: /Users/keng/nf-core-v2/eager/lib
Apr-25 14:52:30.365 [main] DEBUG nextflow.Session - Adding to the classpath library: /Users/keng/nf-core-v2/eager/lib/nfcore_external_java_deps.jar
Apr-25 14:52:40.112 [main] DEBUG nextflow.script.ScriptRunner - > Launching execution
Apr-25 14:52:40.128 [main] INFO  nextflow.Nextflow - 

-[2m----------------------------------------------------[0m-
                                        [0;32m,--.[0;30m/[0;32m,-.[0m
[0;34m        ___     __   __   __   ___     [0;32m/,-._.--~'[0m
[0;34m  |\ | |__  __ /  ` /  \ |__) |__         [0;33m}  {[0m
[0;34m  | \| |       \__, \__/ |  \ |___     [0;32m\`-._,-`-,[0m
                                        [0;32m`._,._,'[0m
[0;35m  nf-core/eager v2.4.6[0m
-[2m----------------------------------------------------[0m-

Apr-25 14:52:40.477 [main] WARN  nextflow.Nextflow - Found unexpected parameters:
* --conda_enabled: false
* --ica_smoke_test: false
Apr-25 14:52:40.478 [main] INFO  nextflow.Nextflow - - [2mIgnore this warning: params.schema_ignore_params = "conda_enabled,ica_smoke_test" [0m
Apr-25 14:52:40.509 [main] ERROR nextflow.Nextflow - [nf-core/eager] error: please specify --fasta with the path to your reference
