Apr-25 14:58:48.784 [main] DEBUG nextflow.cli.Launcher - $> nextflow run main.nf -c nextflow.ica.config --input input.csv
Apr-25 14:58:48.844 [main] INFO  nextflow.cli.CmdRun - N E X T F L O W  ~  version 22.04.3
Apr-25 14:58:48.863 [main] DEBUG nextflow.config.ConfigBuilder - Found config local: /Users/keng/nf-core-v2/epitopeprediction/nextflow.config
Apr-25 14:58:48.868 [main] DEBUG nextflow.config.ConfigBuilder - User config file: /Users/keng/nf-core-v2/epitopeprediction/nextflow.ica.config
Apr-25 14:58:48.869 [main] DEBUG nextflow.config.ConfigBuilder - Parsing config file: /Users/keng/nf-core-v2/epitopeprediction/nextflow.config
Apr-25 14:58:48.870 [main] DEBUG nextflow.config.ConfigBuilder - Parsing config file: /Users/keng/nf-core-v2/epitopeprediction/nextflow.ica.config
Apr-25 14:58:48.892 [main] DEBUG nextflow.config.ConfigBuilder - Applying config profile: `standard`
Apr-25 14:58:49.866 [main] DEBUG nextflow.plugin.PluginsFacade - Using Default plugins manager
Apr-25 14:58:49.876 [main] INFO  org.pf4j.DefaultPluginStatusProvider - Enabled plugins: []
Apr-25 14:58:49.879 [main] INFO  org.pf4j.DefaultPluginStatusProvider - Disabled plugins: []
Apr-25 14:58:49.883 [main] INFO  org.pf4j.DefaultPluginManager - PF4J version 3.4.1 in 'deployment' mode
Apr-25 14:58:49.888 [main] DEBUG nextflow.plugin.PluginsFacade - Using Default plugins manager
Apr-25 14:58:50.263 [main] DEBUG nextflow.plugin.PluginsFacade - Using Default plugins manager
Apr-25 14:58:50.434 [main] DEBUG nextflow.config.ConfigBuilder - Applying config profile: `standard`
Apr-25 14:58:50.554 [main] DEBUG nextflow.plugin.PluginsFacade - Using Default plugins manager
Apr-25 14:58:50.556 [main] DEBUG nextflow.plugin.PluginsFacade - Using Default plugins manager
Apr-25 14:58:50.636 [main] DEBUG nextflow.plugin.PluginsFacade - Using Default plugins manager
Apr-25 14:58:50.909 [main] DEBUG nextflow.config.ConfigBuilder - In the following config snippet the attribute `params.igenomes_base` is empty:
  input='input.csv'
  ica_smoke_test=false
  peptides_split_maxchunks=100
  peptides_split_minchunksize=5000
  split_by_variants=false
  split_by_variants_size=0
  split_by_variants_distance=110000
  genome_version='GRCh37'
  tools='syfpeithi'
  tool_thresholds=null
  use_affinity_thresholds=false
  filter_self=false
  show_supported_models=false
  external_tools_meta=/Users/keng/nf-core-v2/epitopeprediction/assets/external_tools_meta.json
  netmhc_system='linux'
  netmhcpan_path=null
  netmhc_path=null
  netmhciipan_path=null
  netmhcii_path=null
  max_peptide_length=11
  min_peptide_length=8
  max_peptide_length_class2=16
  min_peptide_length_class2=15
  proteome=null
  wild_type=false
  fasta_output=false
  plaintext_email=false
  monochrome_logs=false
  help=false
  validate_params=true
  show_hidden_params=false
  schema_ignore_params='genomes'
  max_memory=128 GB
  max_cpus=16
  max_time=10d
  multiqc_config=null
  multiqc_title=null
  max_multiqc_email_size='25.MB'
  custom_config_version='master'
  custom_config_base=https://raw.githubusercontent.com/nf-core/configs/master
  config_profile_description=null
  config_profile_contact=null
  config_profile_url=null
  config_profile_name=null
  genomesfasta=[:]/Homo_sapiens/Ensembl/GRCh37/Sequence/WholeGenomeFasta/genome.fa
  genomesbwa=[:]/Homo_sapiens/Ensembl/GRCh37/Sequence/BWAIndex/version0.6.0/
  genomesbowtie2=[:]/Homo_sapiens/Ensembl/GRCh37/Sequence/Bowtie2Index/
  genomesstar=[:]/Homo_sapiens/Ensembl/GRCh37/Sequence/STARIndex/
  genomesbismark=[:]/Homo_sapiens/Ensembl/GRCh37/Sequence/BismarkIndex/
  genomesgtf=[:]/Homo_sapiens/Ensembl/GRCh37/Annotation/Genes/genes.gtf
  genomesbed12=[:]/Homo_sapiens/Ensembl/GRCh37/Annotation/Genes/genes.bed
  genomesreadme=[:]/Homo_sapiens/Ensembl/GRCh37/Annotation/README.txt
  genomesmito_name='MT'
  genomesmacs_gsize='2.7e9'
  genomesblacklist=/Users/keng/nf-core-v2/epitopeprediction/assets/blacklists/GRCh37-blacklist.bed
  genomesfasta=[:]/Homo_sapiens/NCBI/GRCh38/Sequence/WholeGenomeFasta/genome.fa
  genomesbwa=[:]/Homo_sapiens/NCBI/GRCh38/Sequence/BWAIndex/version0.6.0/
  genomesbowtie2=[:]/Homo_sapiens/NCBI/GRCh38/Sequence/Bowtie2Index/
  genomesstar=[:]/Homo_sapiens/NCBI/GRCh38/Sequence/STARIndex/
  genomesbismark=[:]/Homo_sapiens/NCBI/GRCh38/Sequence/BismarkIndex/
  genomesgtf=[:]/Homo_sapiens/NCBI/GRCh38/Annotation/Genes/genes.gtf
  genomesbed12=[:]/Homo_sapiens/NCBI/GRCh38/Annotation/Genes/genes.bed
  genomesmito_name='chrM'
  genomesmacs_gsize='2.7e9'
  genomesblacklist=/Users/keng/nf-core-v2/epitopeprediction/assets/blacklists/hg38-blacklist.bed
  genomesfasta=[:]/Mus_musculus/Ensembl/GRCm38/Sequence/WholeGenomeFasta/genome.fa
  genomesbwa=[:]/Mus_musculus/Ensembl/GRCm38/Sequence/BWAIndex/version0.6.0/
  genomesbowtie2=[:]/Mus_musculus/Ensembl/GRCm38/Sequence/Bowtie2Index/
  genomesstar=[:]/Mus_musculus/Ensembl/GRCm38/Sequence/STARIndex/
  genomesbismark=[:]/Mus_musculus/Ensembl/GRCm38/Sequence/BismarkIndex/
  genomesgtf=[:]/Mus_musculus/Ensembl/GRCm38/Annotation/Genes/genes.gtf
  genomesbed12=[:]/Mus_musculus/Ensembl/GRCm38/Annotation/Genes/genes.bed
  genomesreadme=[:]/Mus_musculus/Ensembl/GRCm38/Annotation/README.txt
  genomesmito_name='MT'
  genomesmacs_gsize='1.87e9'
  genomesblacklist=/Users/keng/nf-core-v2/epitopeprediction/assets/blacklists/GRCm38-blacklist.bed
  genomesfasta=[:]/Arabidopsis_thaliana/Ensembl/TAIR10/Sequence/WholeGenomeFasta/genome.fa
  genomesbwa=[:]/Arabidopsis_thaliana/Ensembl/TAIR10/Sequence/BWAIndex/version0.6.0/
  genomesbowtie2=[:]/Arabidopsis_thaliana/Ensembl/TAIR10/Sequence/Bowtie2Index/
  genomesstar=[:]/Arabidopsis_thaliana/Ensembl/TAIR10/Sequence/STARIndex/
  genomesbismark=[:]/Arabidopsis_thaliana/Ensembl/TAIR10/Sequence/BismarkIndex/
  genomesgtf=[:]/Arabidopsis_thaliana/Ensembl/TAIR10/Annotation/Genes/genes.gtf
  genomesbed12=[:]/Arabidopsis_thaliana/Ensembl/TAIR10/Annotation/Genes/genes.bed
  genomesreadme=[:]/Arabidopsis_thaliana/Ensembl/TAIR10/Annotation/README.txt
  genomesmito_name='Mt'
  genomesfasta=[:]/Bacillus_subtilis_168/Ensembl/EB2/Sequence/WholeGenomeFasta/genome.fa
  genomesbwa=[:]/Bacillus_subtilis_168/Ensembl/EB2/Sequence/BWAIndex/version0.6.0/
  genomesbowtie2=[:]/Bacillus_subtilis_168/Ensembl/EB2/Sequence/Bowtie2Index/
  genomesstar=[:]/Bacillus_subtilis_168/Ensembl/EB2/Sequence/STARIndex/
  genomesbismark=[:]/Bacillus_subtilis_168/Ensembl/EB2/Sequence/BismarkIndex/
  genomesgtf=[:]/Bacillus_subtilis_168/Ensembl/EB2/Annotation/Genes/genes.gtf
  genomesbed12=[:]/Bacillus_subtilis_168/Ensembl/EB2/Annotation/Genes/genes.bed
  genomesreadme=[:]/Bacillus_subtilis_168/Ensembl/EB2/Annotation/README.txt
  genomesfasta=[:]/Bos_taurus/Ensembl/UMD3.1/Sequence/WholeGenomeFasta/genome.fa
  genomesbwa=[:]/Bos_taurus/Ensembl/UMD3.1/Sequence/BWAIndex/version0.6.0/
  genomesbowtie2=[:]/Bos_taurus/Ensembl/UMD3.1/Sequence/Bowtie2Index/
  genomesstar=[:]/Bos_taurus/Ensembl/UMD3.1/Sequence/STARIndex/
  genomesbismark=[:]/Bos_taurus/Ensembl/UMD3.1/Sequence/BismarkIndex/
  genomesgtf=[:]/Bos_taurus/Ensembl/UMD3.1/Annotation/Genes/genes.gtf
  genomesbed12=[:]/Bos_taurus/Ensembl/UMD3.1/Annotation/Genes/genes.bed
  genomesreadme=[:]/Bos_taurus/Ensembl/UMD3.1/Annotation/README.txt
  genomesmito_name='MT'
  genomesfasta=[:]/Caenorhabditis_elegans/Ensembl/WBcel235/Sequence/WholeGenomeFasta/genome.fa
  genomesbwa=[:]/Caenorhabditis_elegans/Ensembl/WBcel235/Sequence/BWAIndex/version0.6.0/
  genomesbowtie2=[:]/Caenorhabditis_elegans/Ensembl/WBcel235/Sequence/Bowtie2Index/
  genomesstar=[:]/Caenorhabditis_elegans/Ensembl/WBcel235/Sequence/STARIndex/
  genomesbismark=[:]/Caenorhabditis_elegans/Ensembl/WBcel235/Sequence/BismarkIndex/
  genomesgtf=[:]/Caenorhabditis_elegans/Ensembl/WBcel235/Annotation/Genes/genes.gtf
  genomesbed12=[:]/Caenorhabditis_elegans/Ensembl/WBcel235/Annotation/Genes/genes.bed
  genomesmito_name='MtDNA'
  genomesmacs_gsize='9e7'
  genomesfasta=[:]/Canis_familiaris/Ensembl/CanFam3.1/Sequence/WholeGenomeFasta/genome.fa
  genomesbwa=[:]/Canis_familiaris/Ensembl/CanFam3.1/Sequence/BWAIndex/version0.6.0/
  genomesbowtie2=[:]/Canis_familiaris/Ensembl/CanFam3.1/Sequence/Bowtie2Index/
  genomesstar=[:]/Canis_familiaris/Ensembl/CanFam3.1/Sequence/STARIndex/
  genomesbismark=[:]/Canis_familiaris/Ensembl/CanFam3.1/Sequence/BismarkIndex/
  genomesgtf=[:]/Canis_familiaris/Ensembl/CanFam3.1/Annotation/Genes/genes.gtf
  genomesbed12=[:]/Canis_familiaris/Ensembl/CanFam3.1/Annotation/Genes/genes.bed
  genomesreadme=[:]/Canis_familiaris/Ensembl/CanFam3.1/Annotation/README.txt
  genomesmito_name='MT'
  genomesfasta=[:]/Danio_rerio/Ensembl/GRCz10/Sequence/WholeGenomeFasta/genome.fa
  genomesbwa=[:]/Danio_rerio/Ensembl/GRCz10/Sequence/BWAIndex/version0.6.0/
  genomesbowtie2=[:]/Danio_rerio/Ensembl/GRCz10/Sequence/Bowtie2Index/
  genomesstar=[:]/Danio_rerio/Ensembl/GRCz10/Sequence/STARIndex/
  genomesbismark=[:]/Danio_rerio/Ensembl/GRCz10/Sequence/BismarkIndex/
  genomesgtf=[:]/Danio_rerio/Ensembl/GRCz10/Annotation/Genes/genes.gtf
  genomesbed12=[:]/Danio_rerio/Ensembl/GRCz10/Annotation/Genes/genes.bed
  genomesmito_name='MT'
  genomesfasta=[:]/Drosophila_melanogaster/Ensembl/BDGP6/Sequence/WholeGenomeFasta/genome.fa
  genomesbwa=[:]/Drosophila_melanogaster/Ensembl/BDGP6/Sequence/BWAIndex/version0.6.0/
  genomesbowtie2=[:]/Drosophila_melanogaster/Ensembl/BDGP6/Sequence/Bowtie2Index/
  genomesstar=[:]/Drosophila_melanogaster/Ensembl/BDGP6/Sequence/STARIndex/
  genomesbismark=[:]/Drosophila_melanogaster/Ensembl/BDGP6/Sequence/BismarkIndex/
  genomesgtf=[:]/Drosophila_melanogaster/Ensembl/BDGP6/Annotation/Genes/genes.gtf
  genomesbed12=[:]/Drosophila_melanogaster/Ensembl/BDGP6/Annotation/Genes/genes.bed
  genomesmito_name='M'
  genomesmacs_gsize='1.2e8'
  genomesfasta=[:]/Equus_caballus/Ensembl/EquCab2/Sequence/WholeGenomeFasta/genome.fa
  genomesbwa=[:]/Equus_caballus/Ensembl/EquCab2/Sequence/BWAIndex/version0.6.0/
  genomesbowtie2=[:]/Equus_caballus/Ensembl/EquCab2/Sequence/Bowtie2Index/
  genomesstar=[:]/Equus_caballus/Ensembl/EquCab2/Sequence/STARIndex/
  genomesbismark=[:]/Equus_caballus/Ensembl/EquCab2/Sequence/BismarkIndex/
  genomesgtf=[:]/Equus_caballus/Ensembl/EquCab2/Annotation/Genes/genes.gtf
  genomesbed12=[:]/Equus_caballus/Ensembl/EquCab2/Annotation/Genes/genes.bed
  genomesreadme=[:]/Equus_caballus/Ensembl/EquCab2/Annotation/README.txt
  genomesmito_name='MT'
  genomesfasta=[:]/Escherichia_coli_K_12_DH10B/Ensembl/EB1/Sequence/WholeGenomeFasta/genome.fa
  genomesbwa=[:]/Escherichia_coli_K_12_DH10B/Ensembl/EB1/Sequence/BWAIndex/version0.6.0/
  genomesbowtie2=[:]/Escherichia_coli_K_12_DH10B/Ensembl/EB1/Sequence/Bowtie2Index/
  genomesstar=[:]/Escherichia_coli_K_12_DH10B/Ensembl/EB1/Sequence/STARIndex/
  genomesbismark=[:]/Escherichia_coli_K_12_DH10B/Ensembl/EB1/Sequence/BismarkIndex/
  genomesgtf=[:]/Escherichia_coli_K_12_DH10B/Ensembl/EB1/Annotation/Genes/genes.gtf
  genomesbed12=[:]/Escherichia_coli_K_12_DH10B/Ensembl/EB1/Annotation/Genes/genes.bed
  genomesreadme=[:]/Escherichia_coli_K_12_DH10B/Ensembl/EB1/Annotation/README.txt
  genomesfasta=[:]/Gallus_gallus/Ensembl/Galgal4/Sequence/WholeGenomeFasta/genome.fa
  genomesbwa=[:]/Gallus_gallus/Ensembl/Galgal4/Sequence/BWAIndex/version0.6.0/
  genomesbowtie2=[:]/Gallus_gallus/Ensembl/Galgal4/Sequence/Bowtie2Index/
  genomesstar=[:]/Gallus_gallus/Ensembl/Galgal4/Sequence/STARIndex/
  genomesbismark=[:]/Gallus_gallus/Ensembl/Galgal4/Sequence/BismarkIndex/
  genomesgtf=[:]/Gallus_gallus/Ensembl/Galgal4/Annotation/Genes/genes.gtf
  genomesbed12=[:]/Gallus_gallus/Ensembl/Galgal4/Annotation/Genes/genes.bed
  genomesmito_name='MT'
  genomesfasta=[:]/Glycine_max/Ensembl/Gm01/Sequence/WholeGenomeFasta/genome.fa
  genomesbwa=[:]/Glycine_max/Ensembl/Gm01/Sequence/BWAIndex/version0.6.0/
  genomesbowtie2=[:]/Glycine_max/Ensembl/Gm01/Sequence/Bowtie2Index/
  genomesstar=[:]/Glycine_max/Ensembl/Gm01/Sequence/STARIndex/
  genomesbismark=[:]/Glycine_max/Ensembl/Gm01/Sequence/BismarkIndex/
  genomesgtf=[:]/Glycine_max/Ensembl/Gm01/Annotation/Genes/genes.gtf
  genomesbed12=[:]/Glycine_max/Ensembl/Gm01/Annotation/Genes/genes.bed
  genomesreadme=[:]/Glycine_max/Ensembl/Gm01/Annotation/README.txt
  genomesfasta=[:]/Macaca_mulatta/Ensembl/Mmul_1/Sequence/WholeGenomeFasta/genome.fa
  genomesbwa=[:]/Macaca_mulatta/Ensembl/Mmul_1/Sequence/BWAIndex/version0.6.0/
  genomesbowtie2=[:]/Macaca_mulatta/Ensembl/Mmul_1/Sequence/Bowtie2Index/
  genomesstar=[:]/Macaca_mulatta/Ensembl/Mmul_1/Sequence/STARIndex/
  genomesbismark=[:]/Macaca_mulatta/Ensembl/Mmul_1/Sequence/BismarkIndex/
  genomesgtf=[:]/Macaca_mulatta/Ensembl/Mmul_1/Annotation/Genes/genes.gtf
  genomesbed12=[:]/Macaca_mulatta/Ensembl/Mmul_1/Annotation/Genes/genes.bed
  genomesreadme=[:]/Macaca_mulatta/Ensembl/Mmul_1/Annotation/README.txt
  genomesmito_name='MT'
  genomesfasta=[:]/Oryza_sativa_japonica/Ensembl/IRGSP-1.0/Sequence/WholeGenomeFasta/genome.fa
  genomesbwa=[:]/Oryza_sativa_japonica/Ensembl/IRGSP-1.0/Sequence/BWAIndex/version0.6.0/
  genomesbowtie2=[:]/Oryza_sativa_japonica/Ensembl/IRGSP-1.0/Sequence/Bowtie2Index/
  genomesstar=[:]/Oryza_sativa_japonica/Ensembl/IRGSP-1.0/Sequence/STARIndex/
  genomesbismark=[:]/Oryza_sativa_japonica/Ensembl/IRGSP-1.0/Sequence/BismarkIndex/
  genomesgtf=[:]/Oryza_sativa_japonica/Ensembl/IRGSP-1.0/Annotation/Genes/genes.gtf
  genomesbed12=[:]/Oryza_sativa_japonica/Ensembl/IRGSP-1.0/Annotation/Genes/genes.bed
  genomesmito_name='Mt'
  genomesfasta=[:]/Pan_troglodytes/Ensembl/CHIMP2.1.4/Sequence/WholeGenomeFasta/genome.fa
  genomesbwa=[:]/Pan_troglodytes/Ensembl/CHIMP2.1.4/Sequence/BWAIndex/version0.6.0/
  genomesbowtie2=[:]/Pan_troglodytes/Ensembl/CHIMP2.1.4/Sequence/Bowtie2Index/
  genomesstar=[:]/Pan_troglodytes/Ensembl/CHIMP2.1.4/Sequence/STARIndex/
  genomesbismark=[:]/Pan_troglodytes/Ensembl/CHIMP2.1.4/Sequence/BismarkIndex/
  genomesgtf=[:]/Pan_troglodytes/Ensembl/CHIMP2.1.4/Annotation/Genes/genes.gtf
  genomesbed12=[:]/Pan_troglodytes/Ensembl/CHIMP2.1.4/Annotation/Genes/genes.bed
  genomesreadme=[:]/Pan_troglodytes/Ensembl/CHIMP2.1.4/Annotation/README.txt
  genomesmito_name='MT'
  genomesfasta=[:]/Rattus_norvegicus/Ensembl/Rnor_5.0/Sequence/WholeGenomeFasta/genome.fa
  genomesbwa=[:]/Rattus_norvegicus/Ensembl/Rnor_5.0/Sequence/BWAIndex/version0.6.0/
  genomesbowtie2=[:]/Rattus_norvegicus/Ensembl/Rnor_5.0/Sequence/Bowtie2Index/
  genomesstar=[:]/Rattus_norvegicus/Ensembl/Rnor_5.0/Sequence/STARIndex/
  genomesbismark=[:]/Rattus_norvegicus/Ensembl/Rnor_5.0/Sequence/BismarkIndex/
  genomesgtf=[:]/Rattus_norvegicus/Ensembl/Rnor_5.0/Annotation/Genes/genes.gtf
  genomesbed12=[:]/Rattus_norvegicus/Ensembl/Rnor_5.0/Annotation/Genes/genes.bed
  genomesmito_name='MT'
  genomesfasta=[:]/Rattus_norvegicus/Ensembl/Rnor_6.0/Sequence/WholeGenomeFasta/genome.fa
  genomesbwa=[:]/Rattus_norvegicus/Ensembl/Rnor_6.0/Sequence/BWAIndex/version0.6.0/
  genomesbowtie2=[:]/Rattus_norvegicus/Ensembl/Rnor_6.0/Sequence/Bowtie2Index/
  genomesstar=[:]/Rattus_norvegicus/Ensembl/Rnor_6.0/Sequence/STARIndex/
  genomesbismark=[:]/Rattus_norvegicus/Ensembl/Rnor_6.0/Sequence/BismarkIndex/
  genomesgtf=[:]/Rattus_norvegicus/Ensembl/Rnor_6.0/Annotation/Genes/genes.gtf
  genomesbed12=[:]/Rattus_norvegicus/Ensembl/Rnor_6.0/Annotation/Genes/genes.bed
  genomesmito_name='MT'
  genomesfasta=[:]/Saccharomyces_cerevisiae/Ensembl/R64-1-1/Sequence/WholeGenomeFasta/genome.fa
  genomesbwa=[:]/Saccharomyces_cerevisiae/Ensembl/R64-1-1/Sequence/BWAIndex/version0.6.0/
  genomesbowtie2=[:]/Saccharomyces_cerevisiae/Ensembl/R64-1-1/Sequence/Bowtie2Index/
  genomesstar=[:]/Saccharomyces_cerevisiae/Ensembl/R64-1-1/Sequence/STARIndex/
  genomesbismark=[:]/Saccharomyces_cerevisiae/Ensembl/R64-1-1/Sequence/BismarkIndex/
  genomesgtf=[:]/Saccharomyces_cerevisiae/Ensembl/R64-1-1/Annotation/Genes/genes.gtf
  genomesbed12=[:]/Saccharomyces_cerevisiae/Ensembl/R64-1-1/Annotation/Genes/genes.bed
  genomesmito_name='MT'
  genomesmacs_gsize='1.2e7'
  genomesfasta=[:]/Schizosaccharomyces_pombe/Ensembl/EF2/Sequence/WholeGenomeFasta/genome.fa
  genomesbwa=[:]/Schizosaccharomyces_pombe/Ensembl/EF2/Sequence/BWAIndex/version0.6.0/
  genomesbowtie2=[:]/Schizosaccharomyces_pombe/Ensembl/EF2/Sequence/Bowtie2Index/
  genomesstar=[:]/Schizosaccharomyces_pombe/Ensembl/EF2/Sequence/STARIndex/
  genomesbismark=[:]/Schizosaccharomyces_pombe/Ensembl/EF2/Sequence/BismarkIndex/
  genomesgtf=[:]/Schizosaccharomyces_pombe/Ensembl/EF2/Annotation/Genes/genes.gtf
  genomesbed12=[:]/Schizosaccharomyces_pombe/Ensembl/EF2/Annotation/Genes/genes.bed
  genomesreadme=[:]/Schizosaccharomyces_pombe/Ensembl/EF2/Annotation/README.txt
  genomesmito_name='MT'
  genomesmacs_gsize='1.21e7'
  genomesfasta=[:]/Sorghum_bicolor/Ensembl/Sbi1/Sequence/WholeGenomeFasta/genome.fa
  genomesbwa=[:]/Sorghum_bicolor/Ensembl/Sbi1/Sequence/BWAIndex/version0.6.0/
  genomesbowtie2=[:]/Sorghum_bicolor/Ensembl/Sbi1/Sequence/Bowtie2Index/
  genomesstar=[:]/Sorghum_bicolor/Ensembl/Sbi1/Sequence/STARIndex/
  genomesbismark=[:]/Sorghum_bicolor/Ensembl/Sbi1/Sequence/BismarkIndex/
  genomesgtf=[:]/Sorghum_bicolor/Ensembl/Sbi1/Annotation/Genes/genes.gtf
  genomesbed12=[:]/Sorghum_bicolor/Ensembl/Sbi1/Annotation/Genes/genes.bed
  genomesreadme=[:]/Sorghum_bicolor/Ensembl/Sbi1/Annotation/README.txt
  genomesfasta=[:]/Sus_scrofa/Ensembl/Sscrofa10.2/Sequence/WholeGenomeFasta/genome.fa
  genomesbwa=[:]/Sus_scrofa/Ensembl/Sscrofa10.2/Sequence/BWAIndex/version0.6.0/
  genomesbowtie2=[:]/Sus_scrofa/Ensembl/Sscrofa10.2/Sequence/Bowtie2Index/
  genomesstar=[:]/Sus_scrofa/Ensembl/Sscrofa10.2/Sequence/STARIndex/
  genomesbismark=[:]/Sus_scrofa/Ensembl/Sscrofa10.2/Sequence/BismarkIndex/
  genomesgtf=[:]/Sus_scrofa/Ensembl/Sscrofa10.2/Annotation/Genes/genes.gtf
  genomesbed12=[:]/Sus_scrofa/Ensembl/Sscrofa10.2/Annotation/Genes/genes.bed
  genomesreadme=[:]/Sus_scrofa/Ensembl/Sscrofa10.2/Annotation/README.txt
  genomesmito_name='MT'
  genomesfasta=[:]/Zea_mays/Ensembl/AGPv3/Sequence/WholeGenomeFasta/genome.fa
  genomesbwa=[:]/Zea_mays/Ensembl/AGPv3/Sequence/BWAIndex/version0.6.0/
  genomesbowtie2=[:]/Zea_mays/Ensembl/AGPv3/Sequence/Bowtie2Index/
  genomesstar=[:]/Zea_mays/Ensembl/AGPv3/Sequence/STARIndex/
  genomesbismark=[:]/Zea_mays/Ensembl/AGPv3/Sequence/BismarkIndex/
  genomesgtf=[:]/Zea_mays/Ensembl/AGPv3/Annotation/Genes/genes.gtf
  genomesbed12=[:]/Zea_mays/Ensembl/AGPv3/Annotation/Genes/genes.bed
  genomesmito_name='Mt'
  genomesfasta=[:]/Homo_sapiens/UCSC/hg38/Sequence/WholeGenomeFasta/genome.fa
  genomesbwa=[:]/Homo_sapiens/UCSC/hg38/Sequence/BWAIndex/version0.6.0/
  genomesbowtie2=[:]/Homo_sapiens/UCSC/hg38/Sequence/Bowtie2Index/
  genomesstar=[:]/Homo_sapiens/UCSC/hg38/Sequence/STARIndex/
  genomesbismark=[:]/Homo_sapiens/UCSC/hg38/Sequence/BismarkIndex/
  genomesgtf=[:]/Homo_sapiens/UCSC/hg38/Annotation/Genes/genes.gtf
  genomesbed12=[:]/Homo_sapiens/UCSC/hg38/Annotation/Genes/genes.bed
  genomesmito_name='chrM'
  genomesmacs_gsize='2.7e9'
  genomesblacklist=/Users/keng/nf-core-v2/epitopeprediction/assets/blacklists/hg38-blacklist.bed
  genomesfasta=[:]/Homo_sapiens/UCSC/hg19/Sequence/WholeGenomeFasta/genome.fa
  genomesbwa=[:]/Homo_sapiens/UCSC/hg19/Sequence/BWAIndex/version0.6.0/
  genomesbowtie2=[:]/Homo_sapiens/UCSC/hg19/Sequence/Bowtie2Index/
  genomesstar=[:]/Homo_sapiens/UCSC/hg19/Sequence/STARIndex/
  genomesbismark=[:]/Homo_sapiens/UCSC/hg19/Sequence/BismarkIndex/
  genomesgtf=[:]/Homo_sapiens/UCSC/hg19/Annotation/Genes/genes.gtf
  genomesbed12=[:]/Homo_sapiens/UCSC/hg19/Annotation/Genes/genes.bed
  genomesreadme=[:]/Homo_sapiens/UCSC/hg19/Annotation/README.txt
  genomesmito_name='chrM'
  genomesmacs_gsize='2.7e9'
  genomesblacklist=/Users/keng/nf-core-v2/epitopeprediction/assets/blacklists/hg19-blacklist.bed
  genomesfasta=[:]/Mus_musculus/UCSC/mm10/Sequence/WholeGenomeFasta/genome.fa
  genomesbwa=[:]/Mus_musculus/UCSC/mm10/Sequence/BWAIndex/version0.6.0/
  genomesbowtie2=[:]/Mus_musculus/UCSC/mm10/Sequence/Bowtie2Index/
  genomesstar=[:]/Mus_musculus/UCSC/mm10/Sequence/STARIndex/
  genomesbismark=[:]/Mus_musculus/UCSC/mm10/Sequence/BismarkIndex/
  genomesgtf=[:]/Mus_musculus/UCSC/mm10/Annotation/Genes/genes.gtf
  genomesbed12=[:]/Mus_musculus/UCSC/mm10/Annotation/Genes/genes.bed
  genomesreadme=[:]/Mus_musculus/UCSC/mm10/Annotation/README.txt
  genomesmito_name='chrM'
  genomesmacs_gsize='1.87e9'
  genomesblacklist=/Users/keng/nf-core-v2/epitopeprediction/assets/blacklists/mm10-blacklist.bed
  genomesfasta=[:]/Bos_taurus/UCSC/bosTau8/Sequence/WholeGenomeFasta/genome.fa
  genomesbwa=[:]/Bos_taurus/UCSC/bosTau8/Sequence/BWAIndex/version0.6.0/
  genomesbowtie2=[:]/Bos_taurus/UCSC/bosTau8/Sequence/Bowtie2Index/
  genomesstar=[:]/Bos_taurus/UCSC/bosTau8/Sequence/STARIndex/
  genomesbismark=[:]/Bos_taurus/UCSC/bosTau8/Sequence/BismarkIndex/
  genomesgtf=[:]/Bos_taurus/UCSC/bosTau8/Annotation/Genes/genes.gtf
  genomesbed12=[:]/Bos_taurus/UCSC/bosTau8/Annotation/Genes/genes.bed
  genomesmito_name='chrM'
  genomesfasta=[:]/Caenorhabditis_elegans/UCSC/ce10/Sequence/WholeGenomeFasta/genome.fa
  genomesbwa=[:]/Caenorhabditis_elegans/UCSC/ce10/Sequence/BWAIndex/version0.6.0/
  genomesbowtie2=[:]/Caenorhabditis_elegans/UCSC/ce10/Sequence/Bowtie2Index/
  genomesstar=[:]/Caenorhabditis_elegans/UCSC/ce10/Sequence/STARIndex/
  genomesbismark=[:]/Caenorhabditis_elegans/UCSC/ce10/Sequence/BismarkIndex/
  genomesgtf=[:]/Caenorhabditis_elegans/UCSC/ce10/Annotation/Genes/genes.gtf
  genomesbed12=[:]/Caenorhabditis_elegans/UCSC/ce10/Annotation/Genes/genes.bed
  genomesreadme=[:]/Caenorhabditis_elegans/UCSC/ce10/Annotation/README.txt
  genomesmito_name='chrM'
  genomesmacs_gsize='9e7'
  genomesfasta=[:]/Canis_familiaris/UCSC/canFam3/Sequence/WholeGenomeFasta/genome.fa
  genomesbwa=[:]/Canis_familiaris/UCSC/canFam3/Sequence/BWAIndex/version0.6.0/
  genomesbowtie2=[:]/Canis_familiaris/UCSC/canFam3/Sequence/Bowtie2Index/
  genomesstar=[:]/Canis_familiaris/UCSC/canFam3/Sequence/STARIndex/
  genomesbismark=[:]/Canis_familiaris/UCSC/canFam3/Sequence/BismarkIndex/
  genomesgtf=[:]/Canis_familiaris/UCSC/canFam3/Annotation/Genes/genes.gtf
  genomesbed12=[:]/Canis_familiaris/UCSC/canFam3/Annotation/Genes/genes.bed
  genomesreadme=[:]/Canis_familiaris/UCSC/canFam3/Annotation/README.txt
  genomesmito_name='chrM'
  genomesfasta=[:]/Danio_rerio/UCSC/danRer10/Sequence/WholeGenomeFasta/genome.fa
  genomesbwa=[:]/Danio_rerio/UCSC/danRer10/Sequence/BWAIndex/version0.6.0/
  genomesbowtie2=[:]/Danio_rerio/UCSC/danRer10/Sequence/Bowtie2Index/
  genomesstar=[:]/Danio_rerio/UCSC/danRer10/Sequence/STARIndex/
  genomesbismark=[:]/Danio_rerio/UCSC/danRer10/Sequence/BismarkIndex/
  genomesgtf=[:]/Danio_rerio/UCSC/danRer10/Annotation/Genes/genes.gtf
  genomesbed12=[:]/Danio_rerio/UCSC/danRer10/Annotation/Genes/genes.bed
  genomesmito_name='chrM'
  genomesmacs_gsize='1.37e9'
  genomesfasta=[:]/Drosophila_melanogaster/UCSC/dm6/Sequence/WholeGenomeFasta/genome.fa
  genomesbwa=[:]/Drosophila_melanogaster/UCSC/dm6/Sequence/BWAIndex/version0.6.0/
  genomesbowtie2=[:]/Drosophila_melanogaster/UCSC/dm6/Sequence/Bowtie2Index/
  genomesstar=[:]/Drosophila_melanogaster/UCSC/dm6/Sequence/STARIndex/
  genomesbismark=[:]/Drosophila_melanogaster/UCSC/dm6/Sequence/BismarkIndex/
  genomesgtf=[:]/Drosophila_melanogaster/UCSC/dm6/Annotation/Genes/genes.gtf
  genomesbed12=[:]/Drosophila_melanogaster/UCSC/dm6/Annotation/Genes/genes.bed
  genomesmito_name='chrM'
  genomesmacs_gsize='1.2e8'
  genomesfasta=[:]/Equus_caballus/UCSC/equCab2/Sequence/WholeGenomeFasta/genome.fa
  genomesbwa=[:]/Equus_caballus/UCSC/equCab2/Sequence/BWAIndex/version0.6.0/
  genomesbowtie2=[:]/Equus_caballus/UCSC/equCab2/Sequence/Bowtie2Index/
  genomesstar=[:]/Equus_caballus/UCSC/equCab2/Sequence/STARIndex/
  genomesbismark=[:]/Equus_caballus/UCSC/equCab2/Sequence/BismarkIndex/
  genomesgtf=[:]/Equus_caballus/UCSC/equCab2/Annotation/Genes/genes.gtf
  genomesbed12=[:]/Equus_caballus/UCSC/equCab2/Annotation/Genes/genes.bed
  genomesreadme=[:]/Equus_caballus/UCSC/equCab2/Annotation/README.txt
  genomesmito_name='chrM'
  genomesfasta=[:]/Gallus_gallus/UCSC/galGal4/Sequence/WholeGenomeFasta/genome.fa
  genomesbwa=[:]/Gallus_gallus/UCSC/galGal4/Sequence/BWAIndex/version0.6.0/
  genomesbowtie2=[:]/Gallus_gallus/UCSC/galGal4/Sequence/Bowtie2Index/
  genomesstar=[:]/Gallus_gallus/UCSC/galGal4/Sequence/STARIndex/
  genomesbismark=[:]/Gallus_gallus/UCSC/galGal4/Sequence/BismarkIndex/
  genomesgtf=[:]/Gallus_gallus/UCSC/galGal4/Annotation/Genes/genes.gtf
  genomesbed12=[:]/Gallus_gallus/UCSC/galGal4/Annotation/Genes/genes.bed
  genomesreadme=[:]/Gallus_gallus/UCSC/galGal4/Annotation/README.txt
  genomesmito_name='chrM'
  genomesfasta=[:]/Pan_troglodytes/UCSC/panTro4/Sequence/WholeGenomeFasta/genome.fa
  genomesbwa=[:]/Pan_troglodytes/UCSC/panTro4/Sequence/BWAIndex/version0.6.0/
  genomesbowtie2=[:]/Pan_troglodytes/UCSC/panTro4/Sequence/Bowtie2Index/
  genomesstar=[:]/Pan_troglodytes/UCSC/panTro4/Sequence/STARIndex/
  genomesbismark=[:]/Pan_troglodytes/UCSC/panTro4/Sequence/BismarkIndex/
  genomesgtf=[:]/Pan_troglodytes/UCSC/panTro4/Annotation/Genes/genes.gtf
  genomesbed12=[:]/Pan_troglodytes/UCSC/panTro4/Annotation/Genes/genes.bed
  genomesreadme=[:]/Pan_troglodytes/UCSC/panTro4/Annotation/README.txt
  genomesmito_name='chrM'
  genomesfasta=[:]/Rattus_norvegicus/UCSC/rn6/Sequence/WholeGenomeFasta/genome.fa
  genomesbwa=[:]/Rattus_norvegicus/UCSC/rn6/Sequence/BWAIndex/version0.6.0/
  genomesbowtie2=[:]/Rattus_norvegicus/UCSC/rn6/Sequence/Bowtie2Index/
  genomesstar=[:]/Rattus_norvegicus/UCSC/rn6/Sequence/STARIndex/
  genomesbismark=[:]/Rattus_norvegicus/UCSC/rn6/Sequence/BismarkIndex/
  genomesgtf=[:]/Rattus_norvegicus/UCSC/rn6/Annotation/Genes/genes.gtf
  genomesbed12=[:]/Rattus_norvegicus/UCSC/rn6/Annotation/Genes/genes.bed
  genomesmito_name='chrM'
  genomesfasta=[:]/Saccharomyces_cerevisiae/UCSC/sacCer3/Sequence/WholeGenomeFasta/genome.fa
  genomesbwa=[:]/Saccharomyces_cerevisiae/UCSC/sacCer3/Sequence/BWAIndex/version0.6.0/
  genomesbowtie2=[:]/Saccharomyces_cerevisiae/UCSC/sacCer3/Sequence/Bowtie2Index/
  genomesstar=[:]/Saccharomyces_cerevisiae/UCSC/sacCer3/Sequence/STARIndex/
  genomesbismark=[:]/Saccharomyces_cerevisiae/UCSC/sacCer3/Sequence/BismarkIndex/
  genomesreadme=[:]/Saccharomyces_cerevisiae/UCSC/sacCer3/Annotation/README.txt
  genomesmito_name='chrM'
  genomesmacs_gsize='1.2e7'
  genomesfasta=[:]/Sus_scrofa/UCSC/susScr3/Sequence/WholeGenomeFasta/genome.fa
  genomesbwa=[:]/Sus_scrofa/UCSC/susScr3/Sequence/BWAIndex/version0.6.0/
  genomesbowtie2=[:]/Sus_scrofa/UCSC/susScr3/Sequence/Bowtie2Index/
  genomesstar=[:]/Sus_scrofa/UCSC/susScr3/Sequence/STARIndex/
  genomesbismark=[:]/Sus_scrofa/UCSC/susScr3/Sequence/BismarkIndex/
  genomesgtf=[:]/Sus_scrofa/UCSC/susScr3/Annotation/Genes/genes.gtf
  genomesbed12=[:]/Sus_scrofa/UCSC/susScr3/Annotation/Genes/genes.bed
  genomesreadme=[:]/Sus_scrofa/UCSC/susScr3/Annotation/README.txt
  genomesmito_name='chrM'
  outdir='out'
  publish_dir_mode='copy'
  conda_enabled=false
  igenomes_ignore=false
  enable_conda=false
  email_on_fail=null
  email=null

Apr-25 14:58:50.917 [main] ERROR nextflow.cli.Launcher - Unknown config attribute `params.igenomes_base` -- check config file: /Users/keng/nf-core-v2/epitopeprediction/nextflow.ica.config
nextflow.exception.ConfigParseException: Unknown config attribute `params.igenomes_base` -- check config file: /Users/keng/nf-core-v2/epitopeprediction/nextflow.ica.config
	at java.base/jdk.internal.reflect.NativeConstructorAccessorImpl.newInstance0(Native Method)
	at java.base/jdk.internal.reflect.NativeConstructorAccessorImpl.newInstance(NativeConstructorAccessorImpl.java:77)
	at java.base/jdk.internal.reflect.DelegatingConstructorAccessorImpl.newInstance(DelegatingConstructorAccessorImpl.java:45)
	at java.base/java.lang.reflect.Constructor.newInstanceWithCaller(Constructor.java:499)
	at java.base/java.lang.reflect.Constructor.newInstance(Constructor.java:480)
	at org.codehaus.groovy.reflection.CachedConstructor.invoke(CachedConstructor.java:72)
	at org.codehaus.groovy.runtime.callsite.ConstructorSite$ConstructorSiteNoUnwrapNoCoerce.callConstructor(ConstructorSite.java:105)
	at org.codehaus.groovy.runtime.callsite.CallSiteArray.defaultCallConstructor(CallSiteArray.java:59)
	at org.codehaus.groovy.runtime.callsite.AbstractCallSite.callConstructor(AbstractCallSite.java:263)
	at org.codehaus.groovy.runtime.callsite.AbstractCallSite.callConstructor(AbstractCallSite.java:277)
	at nextflow.config.ConfigBuilder.validate(ConfigBuilder.groovy:459)
	at jdk.internal.reflect.GeneratedMethodAccessor12.invoke(Unknown Source)
	at java.base/jdk.internal.reflect.DelegatingMethodAccessorImpl.invoke(DelegatingMethodAccessorImpl.java:43)
	at java.base/java.lang.reflect.Method.invoke(Method.java:568)
	at org.codehaus.groovy.runtime.callsite.PlainObjectMetaMethodSite.doInvoke(PlainObjectMetaMethodSite.java:43)
	at org.codehaus.groovy.runtime.callsite.PogoMetaMethodSite$PogoCachedMethodSiteNoUnwrapNoCoerce.invoke(PogoMetaMethodSite.java:193)
	at org.codehaus.groovy.runtime.callsite.PogoMetaMethodSite.callCurrent(PogoMetaMethodSite.java:61)
	at org.codehaus.groovy.runtime.callsite.AbstractCallSite.callCurrent(AbstractCallSite.java:212)
	at nextflow.config.ConfigBuilder.validate(ConfigBuilder.groovy:466)
	at nextflow.config.ConfigBuilder.validate(ConfigBuilder.groovy:446)
	at java.base/jdk.internal.reflect.NativeMethodAccessorImpl.invoke0(Native Method)
	at java.base/jdk.internal.reflect.NativeMethodAccessorImpl.invoke(NativeMethodAccessorImpl.java:77)
	at java.base/jdk.internal.reflect.DelegatingMethodAccessorImpl.invoke(DelegatingMethodAccessorImpl.java:43)
	at java.base/java.lang.reflect.Method.invoke(Method.java:568)
	at org.codehaus.groovy.runtime.callsite.PlainObjectMetaMethodSite.doInvoke(PlainObjectMetaMethodSite.java:43)
	at org.codehaus.groovy.runtime.callsite.PogoMetaMethodSite$PogoCachedMethodSiteNoUnwrapNoCoerce.invoke(PogoMetaMethodSite.java:193)
	at org.codehaus.groovy.runtime.callsite.PogoMetaMethodSite.callCurrent(PogoMetaMethodSite.java:61)
	at org.codehaus.groovy.runtime.callsite.AbstractCallSite.callCurrent(AbstractCallSite.java:194)
	at nextflow.config.ConfigBuilder.merge0(ConfigBuilder.groovy:420)
	at java.base/jdk.internal.reflect.NativeMethodAccessorImpl.invoke0(Native Method)
	at java.base/jdk.internal.reflect.NativeMethodAccessorImpl.invoke(NativeMethodAccessorImpl.java:77)
	at java.base/jdk.internal.reflect.DelegatingMethodAccessorImpl.invoke(DelegatingMethodAccessorImpl.java:43)
	at java.base/java.lang.reflect.Method.invoke(Method.java:568)
	at org.codehaus.groovy.runtime.callsite.PlainObjectMetaMethodSite.doInvoke(PlainObjectMetaMethodSite.java:43)
	at org.codehaus.groovy.runtime.callsite.PogoMetaMethodSite$PogoCachedMethodSiteNoUnwrapNoCoerce.invoke(PogoMetaMethodSite.java:193)
	at org.codehaus.groovy.runtime.callsite.PogoMetaMethodSite.callCurrent(PogoMetaMethodSite.java:61)
	at org.codehaus.groovy.runtime.callsite.AbstractCallSite.callCurrent(AbstractCallSite.java:203)
	at nextflow.config.ConfigBuilder.buildConfig0(ConfigBuilder.groovy:369)
	at java.base/jdk.internal.reflect.NativeMethodAccessorImpl.invoke0(Native Method)
	at java.base/jdk.internal.reflect.NativeMethodAccessorImpl.invoke(NativeMethodAccessorImpl.java:77)
	at java.base/jdk.internal.reflect.DelegatingMethodAccessorImpl.invoke(DelegatingMethodAccessorImpl.java:43)
	at java.base/java.lang.reflect.Method.invoke(Method.java:568)
	at org.codehaus.groovy.runtime.callsite.PlainObjectMetaMethodSite.doInvoke(PlainObjectMetaMethodSite.java:43)
	at org.codehaus.groovy.runtime.callsite.PogoMetaMethodSite$PogoCachedMethodSiteNoUnwrapNoCoerce.invoke(PogoMetaMethodSite.java:193)
	at org.codehaus.groovy.runtime.callsite.PogoMetaMethodSite.callCurrent(PogoMetaMethodSite.java:61)
	at org.codehaus.groovy.runtime.callsite.CallSiteArray.defaultCallCurrent(CallSiteArray.java:51)
	at org.codehaus.groovy.runtime.callsite.AbstractCallSite.callCurrent(AbstractCallSite.java:171)
	at org.codehaus.groovy.runtime.callsite.AbstractCallSite.callCurrent(AbstractCallSite.java:194)
	at nextflow.config.ConfigBuilder.buildGivenFiles(ConfigBuilder.groovy:317)
	at java.base/jdk.internal.reflect.NativeMethodAccessorImpl.invoke0(Native Method)
	at java.base/jdk.internal.reflect.NativeMethodAccessorImpl.invoke(NativeMethodAccessorImpl.java:77)
	at java.base/jdk.internal.reflect.DelegatingMethodAccessorImpl.invoke(DelegatingMethodAccessorImpl.java:43)
	at java.base/java.lang.reflect.Method.invoke(Method.java:568)
	at org.codehaus.groovy.runtime.callsite.PlainObjectMetaMethodSite.doInvoke(PlainObjectMetaMethodSite.java:43)
	at org.codehaus.groovy.runtime.callsite.PogoMetaMethodSite$PogoCachedMethodSiteNoUnwrapNoCoerce.invoke(PogoMetaMethodSite.java:193)
	at org.codehaus.groovy.runtime.callsite.PogoMetaMethodSite.callCurrent(PogoMetaMethodSite.java:61)
	at org.codehaus.groovy.runtime.callsite.CallSiteArray.defaultCallCurrent(CallSiteArray.java:51)
	at org.codehaus.groovy.runtime.callsite.AbstractCallSite.callCurrent(AbstractCallSite.java:171)
	at org.codehaus.groovy.runtime.callsite.AbstractCallSite.callCurrent(AbstractCallSite.java:185)
	at nextflow.config.ConfigBuilder.buildConfigObject(ConfigBuilder.groovy:754)
	at nextflow.config.ConfigBuilder.build(ConfigBuilder.groovy:767)
	at nextflow.cli.CmdRun.run(CmdRun.groovy:294)
	at nextflow.cli.Launcher.run(Launcher.groovy:480)
	at nextflow.cli.Launcher.main(Launcher.groovy:639)
