Apr-25 14:44:15.190 [main] DEBUG nextflow.cli.Launcher - $> nextflow run main.nf -c nextflow.ica.config --input input.csv
Apr-25 14:44:15.246 [main] INFO  nextflow.cli.CmdRun - N E X T F L O W  ~  version 22.04.3
Apr-25 14:44:15.264 [main] DEBUG nextflow.config.ConfigBuilder - Found config local: /Users/keng/nf-core-v2/coproid/nextflow.config
Apr-25 14:44:15.268 [main] DEBUG nextflow.config.ConfigBuilder - User config file: /Users/keng/nf-core-v2/coproid/nextflow.ica.config
Apr-25 14:44:15.269 [main] DEBUG nextflow.config.ConfigBuilder - Parsing config file: /Users/keng/nf-core-v2/coproid/nextflow.config
Apr-25 14:44:15.270 [main] DEBUG nextflow.config.ConfigBuilder - Parsing config file: /Users/keng/nf-core-v2/coproid/nextflow.ica.config
Apr-25 14:44:15.291 [main] DEBUG nextflow.config.ConfigBuilder - Applying config profile: `standard`
Apr-25 14:44:16.110 [main] DEBUG nextflow.plugin.PluginsFacade - Using Default plugins manager
Apr-25 14:44:16.119 [main] INFO  org.pf4j.DefaultPluginStatusProvider - Enabled plugins: []
Apr-25 14:44:16.122 [main] INFO  org.pf4j.DefaultPluginStatusProvider - Disabled plugins: []
Apr-25 14:44:16.124 [main] INFO  org.pf4j.DefaultPluginManager - PF4J version 3.4.1 in 'deployment' mode
Apr-25 14:44:16.129 [main] DEBUG nextflow.plugin.PluginsFacade - Using Default plugins manager
Apr-25 14:44:16.398 [main] DEBUG nextflow.plugin.PluginsFacade - Using Default plugins manager
Apr-25 14:44:16.617 [main] DEBUG nextflow.config.ConfigBuilder - Applying config profile: `standard`
Apr-25 14:44:16.707 [main] DEBUG nextflow.plugin.PluginsFacade - Using Default plugins manager
Apr-25 14:44:16.709 [main] DEBUG nextflow.plugin.PluginsFacade - Using Default plugins manager
Apr-25 14:44:16.780 [main] DEBUG nextflow.plugin.PluginsFacade - Using Default plugins manager
Apr-25 14:44:16.976 [main] DEBUG nextflow.cli.CmdRun - Applied DSL=1 by probing script field
Apr-25 14:44:16.995 [main] INFO  nextflow.cli.CmdRun - Launching `main.nf` [happy_jennings] DSL1 - revision: c1d357b769
Apr-25 14:44:16.997 [main] DEBUG nextflow.plugin.PluginsFacade - Setting up plugin manager > mode=prod; plugins-dir=/.nextflow/plugins; core-plugins: nf-amazon@1.7.2,nf-azure@0.13.2,nf-console@1.0.3,nf-ga4gh@1.0.3,nf-google@1.1.4,nf-sqldb@0.4.0,nf-tower@1.4.0
Apr-25 14:44:16.999 [main] DEBUG nextflow.plugin.PluginsFacade - Plugins default=[]
Apr-25 14:44:17.012 [main] INFO  org.pf4j.DefaultPluginStatusProvider - Enabled plugins: []
Apr-25 14:44:17.014 [main] INFO  org.pf4j.DefaultPluginStatusProvider - Disabled plugins: []
Apr-25 14:44:17.016 [main] INFO  org.pf4j.DefaultPluginManager - PF4J version 3.4.1 in 'deployment' mode
Apr-25 14:44:17.026 [main] INFO  org.pf4j.AbstractPluginManager - No plugins
Apr-25 14:44:17.064 [main] DEBUG nextflow.Session - Session uuid: e46dc2ec-1de8-4764-9ab3-21a7872f0696
Apr-25 14:44:17.065 [main] DEBUG nextflow.Session - Run name: happy_jennings
Apr-25 14:44:17.067 [main] DEBUG nextflow.Session - Executor pool size: 8
Apr-25 14:44:17.088 [main] DEBUG nextflow.cli.CmdRun - 
  Version: 22.04.3 build 5703
  Created: 18-05-2022 19:22 UTC 
  System: Linux 5.15.49-linuxkit
  Runtime: Groovy 3.0.10 on OpenJDK 64-Bit Server VM 17.0.3+6-LTS
  Encoding: UTF-8 (UTF-8)
  Process: 1@13fd00758c2e [172.17.0.2]
  CPUs: 8 - Mem: 13.2 GB (1 GB) - Swap: 2 GB (1.9 GB)
Apr-25 14:44:17.125 [main] DEBUG nextflow.Session - Work-dir: /Users/keng/nf-core-v2/coproid/work [fuseblk]
Apr-25 14:44:17.146 [main] DEBUG nextflow.executor.ExecutorFactory - Extension executors providers=[]
Apr-25 14:44:17.155 [main] DEBUG nextflow.Session - Observer factory: DefaultObserverFactory
Apr-25 14:44:17.201 [main] DEBUG nextflow.cache.CacheFactory - Using Nextflow cache factory: nextflow.cache.DefaultCacheFactory
Apr-25 14:44:17.210 [main] DEBUG nextflow.util.CustomThreadPool - Creating default thread pool > poolSize: 9; maxThreads: 1000
Apr-25 14:44:17.315 [main] DEBUG nextflow.Session - Session start invoked
Apr-25 14:44:17.319 [main] DEBUG nextflow.trace.TraceFileObserver - Flow starting -- trace file: /Users/keng/nf-core-v2/coproid/results/pipeline_info/execution_trace.txt
Apr-25 14:44:19.560 [main] DEBUG nextflow.script.ScriptRunner - > Launching execution
Apr-25 14:44:19.574 [main] WARN  nextflow.script.ScriptBinding - Access to undefined parameter `readPaths` -- Initialise it to a default value eg. `params.readPaths = some_value`
Apr-25 14:44:19.576 [main] INFO  nextflow.Nextflow - 
    CoproID was launched with missing mandatory arguments.
    Please check your command line and retry.
    To get the help menu, please run:
    nextflow run maxibor/coproid --help
    The complete documentation is available at https://github.com/nf-core/coproid
    
