Apr-25 15:59:30.606 [main] DEBUG nextflow.cli.Launcher - $> nextflow run main.nf -c nextflow.ica.config --input input.csv
Apr-25 15:59:30.670 [main] INFO  nextflow.cli.CmdRun - N E X T F L O W  ~  version 22.04.3
Apr-25 15:59:30.688 [main] DEBUG nextflow.config.ConfigBuilder - Found config local: /Users/keng/nf-core-v2/nascent/nextflow.config
Apr-25 15:59:30.693 [main] DEBUG nextflow.config.ConfigBuilder - User config file: /Users/keng/nf-core-v2/nascent/nextflow.ica.config
Apr-25 15:59:30.694 [main] DEBUG nextflow.config.ConfigBuilder - Parsing config file: /Users/keng/nf-core-v2/nascent/nextflow.config
Apr-25 15:59:30.695 [main] DEBUG nextflow.config.ConfigBuilder - Parsing config file: /Users/keng/nf-core-v2/nascent/nextflow.ica.config
Apr-25 15:59:30.713 [main] DEBUG nextflow.config.ConfigBuilder - Applying config profile: `standard`
Apr-25 15:59:31.536 [main] DEBUG nextflow.plugin.PluginsFacade - Using Default plugins manager
Apr-25 15:59:31.546 [main] INFO  org.pf4j.DefaultPluginStatusProvider - Enabled plugins: []
Apr-25 15:59:31.548 [main] INFO  org.pf4j.DefaultPluginStatusProvider - Disabled plugins: []
Apr-25 15:59:31.551 [main] INFO  org.pf4j.DefaultPluginManager - PF4J version 3.4.1 in 'deployment' mode
Apr-25 15:59:31.556 [main] DEBUG nextflow.plugin.PluginsFacade - Using Default plugins manager
Apr-25 15:59:31.873 [main] DEBUG nextflow.plugin.PluginsFacade - Using Default plugins manager
Apr-25 15:59:32.273 [main] DEBUG nextflow.config.ConfigBuilder - Applying config profile: `standard`
Apr-25 15:59:32.351 [main] DEBUG nextflow.plugin.PluginsFacade - Using Default plugins manager
Apr-25 15:59:32.353 [main] DEBUG nextflow.plugin.PluginsFacade - Using Default plugins manager
Apr-25 15:59:32.430 [main] DEBUG nextflow.plugin.PluginsFacade - Using Default plugins manager
Apr-25 15:59:32.644 [main] DEBUG nextflow.cli.CmdRun - Applied DSL=2 from script declararion
Apr-25 15:59:32.658 [main] INFO  nextflow.cli.CmdRun - Launching `main.nf` [jovial_goldwasser] DSL2 - revision: e7c4894548
Apr-25 15:59:32.661 [main] DEBUG nextflow.plugin.PluginsFacade - Setting up plugin manager > mode=prod; plugins-dir=/.nextflow/plugins; core-plugins: nf-amazon@1.7.2,nf-azure@0.13.2,nf-console@1.0.3,nf-ga4gh@1.0.3,nf-google@1.1.4,nf-sqldb@0.4.0,nf-tower@1.4.0
Apr-25 15:59:32.665 [main] DEBUG nextflow.plugin.PluginsFacade - Plugins default=[]
Apr-25 15:59:32.676 [main] INFO  org.pf4j.DefaultPluginStatusProvider - Enabled plugins: []
Apr-25 15:59:32.677 [main] INFO  org.pf4j.DefaultPluginStatusProvider - Disabled plugins: []
Apr-25 15:59:32.679 [main] INFO  org.pf4j.DefaultPluginManager - PF4J version 3.4.1 in 'deployment' mode
Apr-25 15:59:32.687 [main] INFO  org.pf4j.AbstractPluginManager - No plugins
Apr-25 15:59:32.725 [main] DEBUG nextflow.Session - Session uuid: da8f6a14-3f87-44c9-8060-b3100146a590
Apr-25 15:59:32.726 [main] DEBUG nextflow.Session - Run name: jovial_goldwasser
Apr-25 15:59:32.727 [main] DEBUG nextflow.Session - Executor pool size: 8
Apr-25 15:59:32.749 [main] DEBUG nextflow.cli.CmdRun - 
  Version: 22.04.3 build 5703
  Created: 18-05-2022 19:22 UTC 
  System: Linux 5.15.49-linuxkit
  Runtime: Groovy 3.0.10 on OpenJDK 64-Bit Server VM 17.0.3+6-LTS
  Encoding: UTF-8 (UTF-8)
  Process: 1@a3deb7820402 [172.17.0.2]
  CPUs: 8 - Mem: 13.2 GB (1 GB) - Swap: 2 GB (1.9 GB)
Apr-25 15:59:32.783 [main] DEBUG nextflow.Session - Work-dir: /Users/keng/nf-core-v2/nascent/work [fuseblk]
Apr-25 15:59:32.802 [main] DEBUG nextflow.executor.ExecutorFactory - Extension executors providers=[]
Apr-25 15:59:32.811 [main] DEBUG nextflow.Session - Observer factory: DefaultObserverFactory
Apr-25 15:59:32.854 [main] DEBUG nextflow.cache.CacheFactory - Using Nextflow cache factory: nextflow.cache.DefaultCacheFactory
Apr-25 15:59:32.862 [main] DEBUG nextflow.util.CustomThreadPool - Creating default thread pool > poolSize: 9; maxThreads: 1000
Apr-25 15:59:32.962 [main] DEBUG nextflow.Session - Session start invoked
Apr-25 15:59:32.966 [main] DEBUG nextflow.trace.TraceFileObserver - Flow starting -- trace file: /Users/keng/nf-core-v2/nascent/null/pipeline_info/execution_trace_2023-04-25_15-59-32.txt
Apr-25 15:59:32.987 [main] DEBUG nextflow.Session - Using default localLib path: /Users/keng/nf-core-v2/nascent/lib
Apr-25 15:59:32.999 [main] DEBUG nextflow.Session - Adding to the classpath library: /Users/keng/nf-core-v2/nascent/lib
Apr-25 15:59:33.002 [main] DEBUG nextflow.Session - Adding to the classpath library: /Users/keng/nf-core-v2/nascent/lib/nfcore_external_java_deps.jar
Apr-25 15:59:34.109 [main] DEBUG nextflow.script.ScriptRunner - > Launching execution
Apr-25 15:59:34.358 [main] ERROR nextflow.Nextflow - ERROR: Validation of pipeline parameters failed!
Apr-25 15:59:34.372 [main] ERROR nextflow.Nextflow - * Missing required parameter: --assay_type
Apr-25 15:59:34.379 [main] WARN  nextflow.Nextflow - Found unexpected parameters:
* --conda_enabled: false
* --ica_smoke_test: false
Apr-25 15:59:34.380 [main] INFO  nextflow.Nextflow - - [2mIgnore this warning: params.schema_ignore_params = "conda_enabled,ica_smoke_test" [0m
