Apr-25 15:30:37.243 [main] DEBUG nextflow.cli.Launcher - $> nextflow run main.nf -c nextflow.ica.config --input input.csv
Apr-25 15:30:37.305 [main] INFO  nextflow.cli.CmdRun - N E X T F L O W  ~  version 22.04.3
Apr-25 15:30:37.325 [main] DEBUG nextflow.config.ConfigBuilder - Found config local: /Users/keng/nf-core-v2/isoseq/nextflow.config
Apr-25 15:30:37.330 [main] DEBUG nextflow.config.ConfigBuilder - User config file: /Users/keng/nf-core-v2/isoseq/nextflow.ica.config
Apr-25 15:30:37.331 [main] DEBUG nextflow.config.ConfigBuilder - Parsing config file: /Users/keng/nf-core-v2/isoseq/nextflow.config
Apr-25 15:30:37.332 [main] DEBUG nextflow.config.ConfigBuilder - Parsing config file: /Users/keng/nf-core-v2/isoseq/nextflow.ica.config
Apr-25 15:30:37.354 [main] DEBUG nextflow.config.ConfigBuilder - Applying config profile: `standard`
Apr-25 15:30:38.293 [main] DEBUG nextflow.plugin.PluginsFacade - Using Default plugins manager
Apr-25 15:30:38.303 [main] INFO  org.pf4j.DefaultPluginStatusProvider - Enabled plugins: []
Apr-25 15:30:38.306 [main] INFO  org.pf4j.DefaultPluginStatusProvider - Disabled plugins: []
Apr-25 15:30:38.309 [main] INFO  org.pf4j.DefaultPluginManager - PF4J version 3.4.1 in 'deployment' mode
Apr-25 15:30:38.314 [main] DEBUG nextflow.plugin.PluginsFacade - Using Default plugins manager
Apr-25 15:30:38.592 [main] DEBUG nextflow.plugin.PluginsFacade - Using Default plugins manager
Apr-25 15:30:38.974 [main] DEBUG nextflow.config.ConfigBuilder - Applying config profile: `standard`
Apr-25 15:30:39.058 [main] DEBUG nextflow.plugin.PluginsFacade - Using Default plugins manager
Apr-25 15:30:39.060 [main] DEBUG nextflow.plugin.PluginsFacade - Using Default plugins manager
Apr-25 15:30:39.149 [main] DEBUG nextflow.plugin.PluginsFacade - Using Default plugins manager
Apr-25 15:30:39.370 [main] DEBUG nextflow.cli.CmdRun - Applied DSL=2 from script declararion
Apr-25 15:30:39.386 [main] INFO  nextflow.cli.CmdRun - Launching `main.nf` [golden_elion] DSL2 - revision: 84c342be90
Apr-25 15:30:39.387 [main] DEBUG nextflow.plugin.PluginsFacade - Setting up plugin manager > mode=prod; plugins-dir=/.nextflow/plugins; core-plugins: nf-amazon@1.7.2,nf-azure@0.13.2,nf-console@1.0.3,nf-ga4gh@1.0.3,nf-google@1.1.4,nf-sqldb@0.4.0,nf-tower@1.4.0
Apr-25 15:30:39.391 [main] DEBUG nextflow.plugin.PluginsFacade - Plugins default=[]
Apr-25 15:30:39.405 [main] INFO  org.pf4j.DefaultPluginStatusProvider - Enabled plugins: []
Apr-25 15:30:39.406 [main] INFO  org.pf4j.DefaultPluginStatusProvider - Disabled plugins: []
Apr-25 15:30:39.409 [main] INFO  org.pf4j.DefaultPluginManager - PF4J version 3.4.1 in 'deployment' mode
Apr-25 15:30:39.418 [main] INFO  org.pf4j.AbstractPluginManager - No plugins
Apr-25 15:30:39.455 [main] DEBUG nextflow.Session - Session uuid: afb2cce3-74ae-4363-ab64-036c0714f2e1
Apr-25 15:30:39.456 [main] DEBUG nextflow.Session - Run name: golden_elion
Apr-25 15:30:39.458 [main] DEBUG nextflow.Session - Executor pool size: 8
Apr-25 15:30:39.479 [main] DEBUG nextflow.cli.CmdRun - 
  Version: 22.04.3 build 5703
  Created: 18-05-2022 19:22 UTC 
  System: Linux 5.15.49-linuxkit
  Runtime: Groovy 3.0.10 on OpenJDK 64-Bit Server VM 17.0.3+6-LTS
  Encoding: UTF-8 (UTF-8)
  Process: 1@b1e8afd6aed9 [172.17.0.2]
  CPUs: 8 - Mem: 13.2 GB (1 GB) - Swap: 2 GB (1.9 GB)
Apr-25 15:30:39.515 [main] DEBUG nextflow.Session - Work-dir: /Users/keng/nf-core-v2/isoseq/work [fuseblk]
Apr-25 15:30:39.529 [main] DEBUG nextflow.executor.ExecutorFactory - Extension executors providers=[]
Apr-25 15:30:39.539 [main] DEBUG nextflow.Session - Observer factory: DefaultObserverFactory
Apr-25 15:30:39.582 [main] DEBUG nextflow.cache.CacheFactory - Using Nextflow cache factory: nextflow.cache.DefaultCacheFactory
Apr-25 15:30:39.590 [main] DEBUG nextflow.util.CustomThreadPool - Creating default thread pool > poolSize: 9; maxThreads: 1000
Apr-25 15:30:39.706 [main] DEBUG nextflow.Session - Session start invoked
Apr-25 15:30:39.710 [main] DEBUG nextflow.trace.TraceFileObserver - Flow starting -- trace file: /Users/keng/nf-core-v2/isoseq/null/pipeline_info/execution_trace_2023-04-25_15-30-38.txt
Apr-25 15:30:39.732 [main] DEBUG nextflow.Session - Using default localLib path: /Users/keng/nf-core-v2/isoseq/lib
Apr-25 15:30:39.743 [main] DEBUG nextflow.Session - Adding to the classpath library: /Users/keng/nf-core-v2/isoseq/lib
Apr-25 15:30:39.745 [main] DEBUG nextflow.Session - Adding to the classpath library: /Users/keng/nf-core-v2/isoseq/lib/nfcore_external_java_deps.jar
Apr-25 15:30:40.788 [main] DEBUG nextflow.script.ScriptRunner - > Launching execution
Apr-25 15:30:41.046 [main] ERROR nextflow.Nextflow - ERROR: Validation of pipeline parameters failed!
Apr-25 15:30:41.059 [main] ERROR nextflow.Nextflow - * Missing required parameter: --primers
Apr-25 15:30:41.060 [main] ERROR nextflow.Nextflow - * Missing required parameter: --aligner
Apr-25 15:30:41.066 [main] WARN  nextflow.Nextflow - Found unexpected parameters:
* --conda_enabled: false
* --ica_smoke_test: false
Apr-25 15:30:41.068 [main] INFO  nextflow.Nextflow - - [2mIgnore this warning: params.schema_ignore_params = "conda_enabled,ica_smoke_test" [0m
