Apr-25 15:40:51.503 [main] DEBUG nextflow.cli.Launcher - $> nextflow run main.nf -c nextflow.ica.config --input input.csv
Apr-25 15:40:51.564 [main] INFO  nextflow.cli.CmdRun - N E X T F L O W  ~  version 22.04.3
Apr-25 15:40:51.584 [main] DEBUG nextflow.config.ConfigBuilder - Found config local: /Users/keng/nf-core-v2/metaboigniter/nextflow.config
Apr-25 15:40:51.589 [main] DEBUG nextflow.config.ConfigBuilder - User config file: /Users/keng/nf-core-v2/metaboigniter/nextflow.ica.config
Apr-25 15:40:51.590 [main] DEBUG nextflow.config.ConfigBuilder - Parsing config file: /Users/keng/nf-core-v2/metaboigniter/nextflow.config
Apr-25 15:40:51.591 [main] DEBUG nextflow.config.ConfigBuilder - Parsing config file: /Users/keng/nf-core-v2/metaboigniter/nextflow.ica.config
Apr-25 15:40:51.613 [main] DEBUG nextflow.config.ConfigBuilder - Applying config profile: `standard`
Apr-25 15:40:53.001 [main] DEBUG nextflow.plugin.PluginsFacade - Using Default plugins manager
Apr-25 15:40:53.011 [main] INFO  org.pf4j.DefaultPluginStatusProvider - Enabled plugins: []
Apr-25 15:40:53.014 [main] INFO  org.pf4j.DefaultPluginStatusProvider - Disabled plugins: []
Apr-25 15:40:53.017 [main] INFO  org.pf4j.DefaultPluginManager - PF4J version 3.4.1 in 'deployment' mode
Apr-25 15:40:53.022 [main] DEBUG nextflow.plugin.PluginsFacade - Using Default plugins manager
Apr-25 15:40:53.335 [main] DEBUG nextflow.plugin.PluginsFacade - Using Default plugins manager
Apr-25 15:40:53.355 [main] DEBUG nextflow.config.ConfigBuilder - Applying config profile: `standard`
Apr-25 15:40:53.761 [main] DEBUG nextflow.plugin.PluginsFacade - Using Default plugins manager
Apr-25 15:40:53.762 [main] DEBUG nextflow.plugin.PluginsFacade - Using Default plugins manager
Apr-25 15:40:53.833 [main] DEBUG nextflow.plugin.PluginsFacade - Using Default plugins manager
Apr-25 15:40:53.903 [main] DEBUG nextflow.cli.CmdRun - Applied DSL=1 by probing script field
Apr-25 15:40:53.928 [main] INFO  nextflow.cli.CmdRun - Launching `main.nf` [zen_gutenberg] DSL1 - revision: 53e6a6a44a
Apr-25 15:40:53.930 [main] DEBUG nextflow.plugin.PluginsFacade - Setting up plugin manager > mode=prod; plugins-dir=/.nextflow/plugins; core-plugins: nf-amazon@1.7.2,nf-azure@0.13.2,nf-console@1.0.3,nf-ga4gh@1.0.3,nf-google@1.1.4,nf-sqldb@0.4.0,nf-tower@1.4.0
Apr-25 15:40:53.934 [main] DEBUG nextflow.plugin.PluginsFacade - Plugins default=[]
Apr-25 15:40:53.946 [main] INFO  org.pf4j.DefaultPluginStatusProvider - Enabled plugins: []
Apr-25 15:40:53.948 [main] INFO  org.pf4j.DefaultPluginStatusProvider - Disabled plugins: []
Apr-25 15:40:53.950 [main] INFO  org.pf4j.DefaultPluginManager - PF4J version 3.4.1 in 'deployment' mode
Apr-25 15:40:53.959 [main] INFO  org.pf4j.AbstractPluginManager - No plugins
Apr-25 15:40:53.999 [main] DEBUG nextflow.Session - Session uuid: 7f1eb545-4765-4462-96a6-fc221fe6c10f
Apr-25 15:40:54.000 [main] DEBUG nextflow.Session - Run name: zen_gutenberg
Apr-25 15:40:54.002 [main] DEBUG nextflow.Session - Executor pool size: 8
Apr-25 15:40:54.025 [main] DEBUG nextflow.cli.CmdRun - 
  Version: 22.04.3 build 5703
  Created: 18-05-2022 19:22 UTC 
  System: Linux 5.15.49-linuxkit
  Runtime: Groovy 3.0.10 on OpenJDK 64-Bit Server VM 17.0.3+6-LTS
  Encoding: UTF-8 (UTF-8)
  Process: 1@f5d8f64cd0da [172.17.0.2]
  CPUs: 8 - Mem: 13.2 GB (1 GB) - Swap: 2 GB (1.9 GB)
Apr-25 15:40:54.066 [main] DEBUG nextflow.Session - Work-dir: /Users/keng/nf-core-v2/metaboigniter/work [fuseblk]
Apr-25 15:40:54.130 [main] DEBUG nextflow.executor.ExecutorFactory - Extension executors providers=[]
Apr-25 15:40:54.140 [main] DEBUG nextflow.Session - Observer factory: DefaultObserverFactory
Apr-25 15:40:54.456 [main] DEBUG nextflow.cache.CacheFactory - Using Nextflow cache factory: nextflow.cache.DefaultCacheFactory
Apr-25 15:40:54.465 [main] DEBUG nextflow.util.CustomThreadPool - Creating default thread pool > poolSize: 9; maxThreads: 1000
Apr-25 15:40:54.580 [main] DEBUG nextflow.Session - Session start invoked
Apr-25 15:40:54.585 [main] DEBUG nextflow.trace.TraceFileObserver - Flow starting -- trace file: /Users/keng/nf-core-v2/metaboigniter/results/pipeline_info/execution_trace_2023-04-25_15-40-53.txt
Apr-25 15:40:54.611 [main] DEBUG nextflow.Session - Using default localLib path: /Users/keng/nf-core-v2/metaboigniter/lib
Apr-25 15:40:54.620 [main] DEBUG nextflow.Session - Adding to the classpath library: /Users/keng/nf-core-v2/metaboigniter/lib
Apr-25 15:40:54.623 [main] DEBUG nextflow.Session - Adding to the classpath library: /Users/keng/nf-core-v2/metaboigniter/lib/nfcore_external_java_deps.jar
Apr-25 15:40:55.551 [main] ERROR nextflow.cli.Launcher - Script compilation error
- file : /Users/keng/nf-core-v2/metaboigniter/main.nf
- cause: Shebang comment should appear at the first line @ line 1309, column 54 @ line 1309, column 54.
   {workflow.launchDir}/bin/metfrag
                                 ^

1 error

