Apr-25 15:08:24.850 [main] DEBUG nextflow.cli.Launcher - $> nextflow run main.nf -c nextflow.ica.config --input input.csv
Apr-25 15:08:24.911 [main] INFO  nextflow.cli.CmdRun - N E X T F L O W  ~  version 22.04.3
Apr-25 15:08:24.931 [main] DEBUG nextflow.config.ConfigBuilder - Found config local: /Users/keng/nf-core-v2/funcscan/nextflow.config
Apr-25 15:08:24.935 [main] DEBUG nextflow.config.ConfigBuilder - User config file: /Users/keng/nf-core-v2/funcscan/nextflow.ica.config
Apr-25 15:08:24.936 [main] DEBUG nextflow.config.ConfigBuilder - Parsing config file: /Users/keng/nf-core-v2/funcscan/nextflow.config
Apr-25 15:08:24.938 [main] DEBUG nextflow.config.ConfigBuilder - Parsing config file: /Users/keng/nf-core-v2/funcscan/nextflow.ica.config
Apr-25 15:08:24.960 [main] DEBUG nextflow.config.ConfigBuilder - Applying config profile: `standard`
Apr-25 15:08:26.123 [main] DEBUG nextflow.plugin.PluginsFacade - Using Default plugins manager
Apr-25 15:08:26.133 [main] INFO  org.pf4j.DefaultPluginStatusProvider - Enabled plugins: []
Apr-25 15:08:26.136 [main] INFO  org.pf4j.DefaultPluginStatusProvider - Disabled plugins: []
Apr-25 15:08:26.139 [main] INFO  org.pf4j.DefaultPluginManager - PF4J version 3.4.1 in 'deployment' mode
Apr-25 15:08:26.144 [main] DEBUG nextflow.plugin.PluginsFacade - Using Default plugins manager
Apr-25 15:08:26.435 [main] DEBUG nextflow.plugin.PluginsFacade - Using Default plugins manager
Apr-25 15:08:26.441 [main] DEBUG nextflow.plugin.PluginsFacade - Using Default plugins manager
Apr-25 15:08:26.442 [main] DEBUG nextflow.plugin.PluginsFacade - Using Default plugins manager
Apr-25 15:08:26.513 [main] DEBUG nextflow.plugin.PluginsFacade - Using Default plugins manager
Apr-25 15:08:26.871 [main] DEBUG nextflow.config.ConfigBuilder - Applying config profile: `standard`
Apr-25 15:08:27.063 [main] DEBUG nextflow.plugin.PluginsFacade - Using Default plugins manager
Apr-25 15:08:27.065 [main] DEBUG nextflow.plugin.PluginsFacade - Using Default plugins manager
Apr-25 15:08:27.133 [main] DEBUG nextflow.plugin.PluginsFacade - Using Default plugins manager
Apr-25 15:08:27.135 [main] DEBUG nextflow.plugin.PluginsFacade - Using Default plugins manager
Apr-25 15:08:27.136 [main] DEBUG nextflow.plugin.PluginsFacade - Using Default plugins manager
Apr-25 15:08:27.203 [main] DEBUG nextflow.plugin.PluginsFacade - Using Default plugins manager
Apr-25 15:08:27.539 [main] DEBUG nextflow.cli.CmdRun - Applied DSL=2 from script declararion
Apr-25 15:08:27.555 [main] INFO  nextflow.cli.CmdRun - Launching `main.nf` [focused_mcnulty] DSL2 - revision: 9b0371b8ed
Apr-25 15:08:27.557 [main] DEBUG nextflow.plugin.PluginsFacade - Setting up plugin manager > mode=prod; plugins-dir=/.nextflow/plugins; core-plugins: nf-amazon@1.7.2,nf-azure@0.13.2,nf-console@1.0.3,nf-ga4gh@1.0.3,nf-google@1.1.4,nf-sqldb@0.4.0,nf-tower@1.4.0
Apr-25 15:08:27.559 [main] DEBUG nextflow.plugin.PluginsFacade - Plugins default=[]
Apr-25 15:08:27.571 [main] INFO  org.pf4j.DefaultPluginStatusProvider - Enabled plugins: []
Apr-25 15:08:27.572 [main] INFO  org.pf4j.DefaultPluginStatusProvider - Disabled plugins: []
Apr-25 15:08:27.575 [main] INFO  org.pf4j.DefaultPluginManager - PF4J version 3.4.1 in 'deployment' mode
Apr-25 15:08:27.584 [main] INFO  org.pf4j.AbstractPluginManager - No plugins
Apr-25 15:08:27.626 [main] DEBUG nextflow.Session - Session uuid: fefbac89-4c21-4a13-9504-91433cdd02e3
Apr-25 15:08:27.628 [main] DEBUG nextflow.Session - Run name: focused_mcnulty
Apr-25 15:08:27.630 [main] DEBUG nextflow.Session - Executor pool size: 8
Apr-25 15:08:27.654 [main] DEBUG nextflow.cli.CmdRun - 
  Version: 22.04.3 build 5703
  Created: 18-05-2022 19:22 UTC 
  System: Linux 5.15.49-linuxkit
  Runtime: Groovy 3.0.10 on OpenJDK 64-Bit Server VM 17.0.3+6-LTS
  Encoding: UTF-8 (UTF-8)
  Process: 1@56d92e1deee6 [172.17.0.2]
  CPUs: 8 - Mem: 13.2 GB (1 GB) - Swap: 2 GB (1.9 GB)
Apr-25 15:08:27.692 [main] DEBUG nextflow.Session - Work-dir: /Users/keng/nf-core-v2/funcscan/work [fuseblk]
Apr-25 15:08:27.707 [main] DEBUG nextflow.executor.ExecutorFactory - Extension executors providers=[]
Apr-25 15:08:27.718 [main] DEBUG nextflow.Session - Observer factory: DefaultObserverFactory
Apr-25 15:08:27.835 [main] DEBUG nextflow.cache.CacheFactory - Using Nextflow cache factory: nextflow.cache.DefaultCacheFactory
Apr-25 15:08:27.843 [main] DEBUG nextflow.util.CustomThreadPool - Creating default thread pool > poolSize: 9; maxThreads: 1000
Apr-25 15:08:27.952 [main] DEBUG nextflow.Session - Session start invoked
Apr-25 15:08:27.957 [main] DEBUG nextflow.trace.TraceFileObserver - Flow starting -- trace file: /Users/keng/nf-core-v2/funcscan/null/pipeline_info/execution_trace_2023-04-25_15-08-26.txt
Apr-25 15:08:27.981 [main] DEBUG nextflow.Session - Using default localLib path: /Users/keng/nf-core-v2/funcscan/lib
Apr-25 15:08:27.992 [main] DEBUG nextflow.Session - Adding to the classpath library: /Users/keng/nf-core-v2/funcscan/lib
Apr-25 15:08:27.994 [main] DEBUG nextflow.Session - Adding to the classpath library: /Users/keng/nf-core-v2/funcscan/lib/nfcore_external_java_deps.jar
Apr-25 15:08:29.046 [main] DEBUG nextflow.script.ScriptRunner - > Launching execution
Apr-25 15:08:29.114 [main] INFO  nextflow.Nextflow - 

-[2m----------------------------------------------------[0m-
                                        [0;32m,--.[0;30m/[0;32m,-.[0m
[0;34m        ___     __   __   __   ___     [0;32m/,-._.--~'[0m
[0;34m  |\ | |__  __ /  ` /  \ |__) |__         [0;33m}  {[0m
[0;34m  | \| |       \__, \__/ |  \ |___     [0;32m\`-._,-`-,[0m
                                        [0;32m`._,._,'[0m
[0;35m  nf-core/funcscan v1.0.0[0m
-[2m----------------------------------------------------[0m-
[1mCore Nextflow options[0m
  [0;34mrunName                            : [0;32mfocused_mcnulty[0m
  [0;34mcontainerEngine                    : [0;32mdocker[0m
  [0;34mlaunchDir                          : [0;32m/Users/keng/nf-core-v2/funcscan[0m
  [0;34mworkDir                            : [0;32m/Users/keng/nf-core-v2/funcscan/work[0m
  [0;34mprojectDir                         : [0;32m/Users/keng/nf-core-v2/funcscan[0m
  [0;34muserName                           : [0;32mroot[0m
  [0;34mprofile                            : [0;32mstandard[0m
  [0;34mconfigFiles                        : [0;32m/Users/keng/nf-core-v2/funcscan/nextflow.config, /Users/keng/nf-core-v2/funcscan/nextflow.ica.config[0m

[1mInput/output options[0m
  [0;34minput                              : [0;32minput.csv[0m
  [0;34moutdir                             : [0;32mout[0m

[1mAnnotation: BAKTA[0m
  [0;34mannotation_bakta_db                : [0;32mnull[0m

[1mAnnotation: Prokka[0m
  [0;34mannotation_prokka_locustag         : [0;32mPROKKA[0m

[1mAMP: HMMSearch[0m
  [0;34mamp_hmmsearch_models               : [0;32mnull[0m

[1mAMP: AMPcombi[0m
  [0;34mamp_ampcombi_db                    : [0;32mnull[0m
  [0;34mamp_ampcombi_cutoff                : [0;32m0[0m

[1mARG: AMRFinderPlus[0m
  [0;34marg_amrfinderplus_db               : [0;32mnull[0m

[1mARG: DeepARG[0m
  [0;34marg_deeparg_data                   : [0;32mnull[0m

[1mBGC: antiSMASH[0m
  [0;34mbgc_antismash_databases            : [0;32mnull[0m
  [0;34mbgc_antismash_installationdirectory: [0;32mnull[0m

[1mBGC: deepBGC[0m
  [0;34mbgc_deepbgc_database               : [0;32mnull[0m

[1mBGC: HMMSearch[0m
  [0;34mbgc_hmmsearch_models               : [0;32mnull[0m

[1mGeneric options[0m
  [0;34mtracedir                           : [0;32mnull/pipeline_info[0m

!! Only displaying parameters that differ from the pipeline defaults !!
-[2m----------------------------------------------------[0m-
If you use nf-core/funcscan for your analysis please cite:

* The nf-core framework
  https://doi.org/10.1038/s41587-020-0439-x

* Software dependencies
  https://github.com/nf-core/funcscan/blob/master/CITATIONS.md
-[2m----------------------------------------------------[0m-
Apr-25 15:08:29.426 [main] WARN  nextflow.Nextflow - Found unexpected parameters:
* --enable_conda: false
* --conda_enabled: false
* --ica_smoke_test: false
Apr-25 15:08:29.428 [main] INFO  nextflow.Nextflow - - [2mIgnore this warning: params.schema_ignore_params = "enable_conda,conda_enabled,ica_smoke_test" [0m
Apr-25 15:08:30.885 [main] DEBUG nextflow.Session - Session aborted -- Cause: /Users/keng/nf-core-v2/funcscan/input.csv
Apr-25 15:08:30.893 [main] ERROR nextflow.cli.Launcher - /Users/keng/nf-core-v2/funcscan/input.csv
java.nio.file.NoSuchFileException: /Users/keng/nf-core-v2/funcscan/input.csv
	at nextflow.file.FileHelper.checkIfExists(FileHelper.groovy:1036)
	at nextflow.file.FileHelper$checkIfExists$1.call(Unknown Source)
	at org.codehaus.groovy.runtime.callsite.CallSiteArray.defaultCall(CallSiteArray.java:47)
	at org.codehaus.groovy.runtime.callsite.AbstractCallSite.call(AbstractCallSite.java:125)
	at org.codehaus.groovy.runtime.callsite.AbstractCallSite.call(AbstractCallSite.java:148)
	at nextflow.Nextflow.file(Nextflow.groovy:159)
	at nextflow.Nextflow$file.callStatic(Unknown Source)
	at org.codehaus.groovy.runtime.callsite.CallSiteArray.defaultCallStatic(CallSiteArray.java:55)
	at org.codehaus.groovy.runtime.callsite.AbstractCallSite.callStatic(AbstractCallSite.java:217)
	at org.codehaus.groovy.runtime.callsite.AbstractCallSite.callStatic(AbstractCallSite.java:240)
	at Script_637c254c.runScript(Script_637c254c:15)
	at nextflow.script.BaseScript.runDsl2(BaseScript.groovy:170)
	at nextflow.script.BaseScript.run(BaseScript.groovy:217)
	at nextflow.script.ScriptParser.runScript(ScriptParser.groovy:220)
	at nextflow.script.ScriptParser.runScript(ScriptParser.groovy:206)
	at nextflow.script.ScriptParser.runScript(ScriptParser.groovy:200)
	at nextflow.script.IncludeDef.memoizedMethodPriv$loadModule0PathMapSession(IncludeDef.groovy:142)
	at nextflow.script.IncludeDef.access$0(IncludeDef.groovy)
	at nextflow.script.IncludeDef$__clinit__closure1.doCall(IncludeDef.groovy)
	at java.base/jdk.internal.reflect.NativeMethodAccessorImpl.invoke0(Native Method)
	at java.base/jdk.internal.reflect.NativeMethodAccessorImpl.invoke(NativeMethodAccessorImpl.java:77)
	at java.base/jdk.internal.reflect.DelegatingMethodAccessorImpl.invoke(DelegatingMethodAccessorImpl.java:43)
	at java.base/java.lang.reflect.Method.invoke(Method.java:568)
	at org.codehaus.groovy.reflection.CachedMethod.invoke(CachedMethod.java:107)
	at groovy.lang.MetaMethod.doMethodInvoke(MetaMethod.java:323)
	at org.codehaus.groovy.runtime.metaclass.ClosureMetaClass.invokeMethod(ClosureMetaClass.java:274)
	at groovy.lang.MetaClassImpl.invokeMethod(MetaClassImpl.java:1035)
	at groovy.lang.Closure.call(Closure.java:412)
	at org.codehaus.groovy.runtime.memoize.Memoize$MemoizeFunction.lambda$call$0(Memoize.java:137)
	at org.codehaus.groovy.runtime.memoize.ConcurrentCommonCache.getAndPut(ConcurrentCommonCache.java:137)
	at org.codehaus.groovy.runtime.memoize.ConcurrentCommonCache.getAndPut(ConcurrentCommonCache.java:113)
	at org.codehaus.groovy.runtime.memoize.Memoize$MemoizeFunction.call(Memoize.java:136)
	at nextflow.script.IncludeDef.loadModule0(IncludeDef.groovy)
	at nextflow.script.IncludeDef.load0(IncludeDef.groovy:114)
	at nextflow.script.IncludeDef$load0$1.call(Unknown Source)
	at org.codehaus.groovy.runtime.callsite.CallSiteArray.defaultCall(CallSiteArray.java:47)
	at org.codehaus.groovy.runtime.callsite.AbstractCallSite.call(AbstractCallSite.java:125)
	at org.codehaus.groovy.runtime.callsite.AbstractCallSite.call(AbstractCallSite.java:139)
	at Script_a80e79fe.runScript(Script_a80e79fe:29)
	at nextflow.script.BaseScript.runDsl2(BaseScript.groovy:170)
	at nextflow.script.BaseScript.run(BaseScript.groovy:217)
	at nextflow.script.ScriptParser.runScript(ScriptParser.groovy:220)
	at nextflow.script.ScriptRunner.run(ScriptRunner.groovy:212)
	at nextflow.script.ScriptRunner.execute(ScriptRunner.groovy:120)
	at nextflow.cli.CmdRun.run(CmdRun.groovy:337)
	at nextflow.cli.Launcher.run(Launcher.groovy:480)
	at nextflow.cli.Launcher.main(Launcher.groovy:639)
