Apr-25 15:46:03.853 [main] DEBUG nextflow.cli.Launcher - $> nextflow run main.nf -c nextflow.ica.config --input input.csv
Apr-25 15:46:03.911 [main] INFO  nextflow.cli.CmdRun - N E X T F L O W  ~  version 22.04.3
Apr-25 15:46:03.929 [main] DEBUG nextflow.config.ConfigBuilder - Found config local: /Users/keng/nf-core-v2/methylseq/nextflow.config
Apr-25 15:46:03.933 [main] DEBUG nextflow.config.ConfigBuilder - User config file: /Users/keng/nf-core-v2/methylseq/nextflow.ica.config
Apr-25 15:46:03.934 [main] DEBUG nextflow.config.ConfigBuilder - Parsing config file: /Users/keng/nf-core-v2/methylseq/nextflow.config
Apr-25 15:46:03.935 [main] DEBUG nextflow.config.ConfigBuilder - Parsing config file: /Users/keng/nf-core-v2/methylseq/nextflow.ica.config
Apr-25 15:46:03.955 [main] DEBUG nextflow.config.ConfigBuilder - Applying config profile: `standard`
Apr-25 15:46:04.855 [main] DEBUG nextflow.plugin.PluginsFacade - Using Default plugins manager
Apr-25 15:46:04.865 [main] INFO  org.pf4j.DefaultPluginStatusProvider - Enabled plugins: []
Apr-25 15:46:04.869 [main] INFO  org.pf4j.DefaultPluginStatusProvider - Disabled plugins: []
Apr-25 15:46:04.872 [main] INFO  org.pf4j.DefaultPluginManager - PF4J version 3.4.1 in 'deployment' mode
Apr-25 15:46:04.876 [main] DEBUG nextflow.plugin.PluginsFacade - Using Default plugins manager
Apr-25 15:46:05.156 [main] DEBUG nextflow.plugin.PluginsFacade - Using Default plugins manager
Apr-25 15:46:05.672 [main] DEBUG nextflow.config.ConfigBuilder - Applying config profile: `standard`
Apr-25 15:46:05.701 [main] ERROR nextflow.cli.Launcher - Unable to parse config file: '/Users/keng/nf-core-v2/methylseq/nextflow.ica.config'

  Compile failed for sources FixedSetSources[name='/groovy/script/Script48121DA38D57B59A20AD837326A381F8/_nf_config_67af276e']. Cause: org.codehaus.groovy.control.MultipleCompilationErrorsException: startup failed:
  /groovy/script/Script48121DA38D57B59A20AD837326A381F8/_nf_config_67af276e: 69: Unexpected input: '= './test-datasets/' }' @ line 69, column 61.
     ata_base = './test-datasets/' }  
                                   ^
  
  1 error

ch.grengine.except.CompileException: Compile failed for sources FixedSetSources[name='/groovy/script/Script48121DA38D57B59A20AD837326A381F8/_nf_config_67af276e']. Cause: org.codehaus.groovy.control.MultipleCompilationErrorsException: startup failed:
/groovy/script/Script48121DA38D57B59A20AD837326A381F8/_nf_config_67af276e: 69: Unexpected input: '= './test-datasets/' }' @ line 69, column 61.
   ata_base = './test-datasets/' }  
                                 ^

1 error

	at ch.grengine.code.groovy.DefaultGroovyCompiler.compile(DefaultGroovyCompiler.java:278)
	at ch.grengine.load.DefaultTopCodeCache.getUpToDateCode(DefaultTopCodeCache.java:79)
	at ch.grengine.load.LayeredClassLoader.loadMainClass(LayeredClassLoader.java:179)
	at ch.grengine.engine.LayeredEngine.loadMainClass(LayeredEngine.java:199)
	at ch.grengine.Grengine.loadMainClass(Grengine.java:692)
	at ch.grengine.BaseGrengine.load(BaseGrengine.java:538)
	at ch.grengine.BaseGrengine.load(BaseGrengine.java:420)
	at ch.grengine.BaseGrengine$load.call(Unknown Source)
	at nextflow.config.ConfigParser.loadScript(ConfigParser.groovy:223)
	at java.base/jdk.internal.reflect.NativeMethodAccessorImpl.invoke0(Native Method)
	at java.base/jdk.internal.reflect.NativeMethodAccessorImpl.invoke(NativeMethodAccessorImpl.java:77)
	at java.base/jdk.internal.reflect.DelegatingMethodAccessorImpl.invoke(DelegatingMethodAccessorImpl.java:43)
	at java.base/java.lang.reflect.Method.invoke(Method.java:568)
	at org.codehaus.groovy.runtime.callsite.PlainObjectMetaMethodSite.doInvoke(PlainObjectMetaMethodSite.java:43)
	at org.codehaus.groovy.runtime.callsite.PogoMetaMethodSite$PogoCachedMethodSiteNoUnwrapNoCoerce.invoke(PogoMetaMethodSite.java:193)
	at org.codehaus.groovy.runtime.callsite.PogoMetaMethodSite.callCurrent(PogoMetaMethodSite.java:61)
	at org.codehaus.groovy.runtime.callsite.AbstractCallSite.callCurrent(AbstractCallSite.java:185)
	at nextflow.config.ConfigParser.parse(ConfigParser.groovy:304)
	at nextflow.config.ConfigParser$parse$3.call(Unknown Source)
	at nextflow.config.ConfigBuilder.parse0(ConfigBuilder.groovy:433)
	at java.base/jdk.internal.reflect.NativeMethodAccessorImpl.invoke0(Native Method)
	at java.base/jdk.internal.reflect.NativeMethodAccessorImpl.invoke(NativeMethodAccessorImpl.java:77)
	at java.base/jdk.internal.reflect.DelegatingMethodAccessorImpl.invoke(DelegatingMethodAccessorImpl.java:43)
	at java.base/java.lang.reflect.Method.invoke(Method.java:568)
	at org.codehaus.groovy.runtime.callsite.PlainObjectMetaMethodSite.doInvoke(PlainObjectMetaMethodSite.java:43)
	at org.codehaus.groovy.runtime.callsite.PogoMetaMethodSite$PogoCachedMethodSiteNoUnwrapNoCoerce.invoke(PogoMetaMethodSite.java:193)
	at org.codehaus.groovy.runtime.callsite.PogoMetaMethodSite.callCurrent(PogoMetaMethodSite.java:61)
	at org.codehaus.groovy.runtime.callsite.AbstractCallSite.callCurrent(AbstractCallSite.java:194)
	at nextflow.config.ConfigBuilder.merge0(ConfigBuilder.groovy:419)
	at java.base/jdk.internal.reflect.NativeMethodAccessorImpl.invoke0(Native Method)
	at java.base/jdk.internal.reflect.NativeMethodAccessorImpl.invoke(NativeMethodAccessorImpl.java:77)
	at java.base/jdk.internal.reflect.DelegatingMethodAccessorImpl.invoke(DelegatingMethodAccessorImpl.java:43)
	at java.base/java.lang.reflect.Method.invoke(Method.java:568)
	at org.codehaus.groovy.runtime.callsite.PlainObjectMetaMethodSite.doInvoke(PlainObjectMetaMethodSite.java:43)
	at org.codehaus.groovy.runtime.callsite.PogoMetaMethodSite$PogoCachedMethodSiteNoUnwrapNoCoerce.invoke(PogoMetaMethodSite.java:193)
	at org.codehaus.groovy.runtime.callsite.PogoMetaMethodSite.callCurrent(PogoMetaMethodSite.java:61)
	at org.codehaus.groovy.runtime.callsite.AbstractCallSite.callCurrent(AbstractCallSite.java:203)
	at nextflow.config.ConfigBuilder.buildConfig0(ConfigBuilder.groovy:369)
	at java.base/jdk.internal.reflect.NativeMethodAccessorImpl.invoke0(Native Method)
	at java.base/jdk.internal.reflect.NativeMethodAccessorImpl.invoke(NativeMethodAccessorImpl.java:77)
	at java.base/jdk.internal.reflect.DelegatingMethodAccessorImpl.invoke(DelegatingMethodAccessorImpl.java:43)
	at java.base/java.lang.reflect.Method.invoke(Method.java:568)
	at org.codehaus.groovy.runtime.callsite.PlainObjectMetaMethodSite.doInvoke(PlainObjectMetaMethodSite.java:43)
	at org.codehaus.groovy.runtime.callsite.PogoMetaMethodSite$PogoCachedMethodSiteNoUnwrapNoCoerce.invoke(PogoMetaMethodSite.java:193)
	at org.codehaus.groovy.runtime.callsite.PogoMetaMethodSite.callCurrent(PogoMetaMethodSite.java:61)
	at org.codehaus.groovy.runtime.callsite.CallSiteArray.defaultCallCurrent(CallSiteArray.java:51)
	at org.codehaus.groovy.runtime.callsite.AbstractCallSite.callCurrent(AbstractCallSite.java:171)
	at org.codehaus.groovy.runtime.callsite.AbstractCallSite.callCurrent(AbstractCallSite.java:194)
	at nextflow.config.ConfigBuilder.buildGivenFiles(ConfigBuilder.groovy:317)
	at java.base/jdk.internal.reflect.NativeMethodAccessorImpl.invoke0(Native Method)
	at java.base/jdk.internal.reflect.NativeMethodAccessorImpl.invoke(NativeMethodAccessorImpl.java:77)
	at java.base/jdk.internal.reflect.DelegatingMethodAccessorImpl.invoke(DelegatingMethodAccessorImpl.java:43)
	at java.base/java.lang.reflect.Method.invoke(Method.java:568)
	at org.codehaus.groovy.runtime.callsite.PlainObjectMetaMethodSite.doInvoke(PlainObjectMetaMethodSite.java:43)
	at org.codehaus.groovy.runtime.callsite.PogoMetaMethodSite$PogoCachedMethodSiteNoUnwrapNoCoerce.invoke(PogoMetaMethodSite.java:193)
	at org.codehaus.groovy.runtime.callsite.PogoMetaMethodSite.callCurrent(PogoMetaMethodSite.java:61)
	at org.codehaus.groovy.runtime.callsite.CallSiteArray.defaultCallCurrent(CallSiteArray.java:51)
	at org.codehaus.groovy.runtime.callsite.AbstractCallSite.callCurrent(AbstractCallSite.java:171)
	at org.codehaus.groovy.runtime.callsite.AbstractCallSite.callCurrent(AbstractCallSite.java:185)
	at nextflow.config.ConfigBuilder.buildConfigObject(ConfigBuilder.groovy:754)
	at nextflow.config.ConfigBuilder.build(ConfigBuilder.groovy:767)
	at nextflow.cli.CmdRun.run(CmdRun.groovy:294)
	at nextflow.cli.Launcher.run(Launcher.groovy:480)
	at nextflow.cli.Launcher.main(Launcher.groovy:639)
Caused by: org.codehaus.groovy.control.MultipleCompilationErrorsException: startup failed:
/groovy/script/Script48121DA38D57B59A20AD837326A381F8/_nf_config_67af276e: 69: Unexpected input: '= './test-datasets/' }' @ line 69, column 61.
   ata_base = './test-datasets/' }  
                                 ^

1 error

	at org.codehaus.groovy.control.ErrorCollector.failIfErrors(ErrorCollector.java:292)
	at org.codehaus.groovy.control.ErrorCollector.addFatalError(ErrorCollector.java:148)
	at org.apache.groovy.parser.antlr4.AstBuilder.collectSyntaxError(AstBuilder.java:4371)
	at org.apache.groovy.parser.antlr4.AstBuilder.access$000(AstBuilder.java:176)
	at org.apache.groovy.parser.antlr4.AstBuilder$1.syntaxError(AstBuilder.java:4382)
	at groovyjarjarantlr4.v4.runtime.ProxyErrorListener.syntaxError(ProxyErrorListener.java:44)
	at groovyjarjarantlr4.v4.runtime.Parser.notifyErrorListeners(Parser.java:543)
	at groovyjarjarantlr4.v4.runtime.DefaultErrorStrategy.notifyErrorListeners(DefaultErrorStrategy.java:154)
	at org.apache.groovy.parser.antlr4.internal.DescriptiveErrorStrategy.reportNoViableAlternative(DescriptiveErrorStrategy.java:92)
	at groovyjarjarantlr4.v4.runtime.DefaultErrorStrategy.reportError(DefaultErrorStrategy.java:139)
	at org.apache.groovy.parser.antlr4.GroovyParser.expression(GroovyParser.java:9169)
	at org.apache.groovy.parser.antlr4.GroovyParser.commandExpression(GroovyParser.java:9299)
	at org.apache.groovy.parser.antlr4.GroovyParser.statementExpression(GroovyParser.java:8067)
	at org.apache.groovy.parser.antlr4.GroovyParser.enhancedStatementExpression(GroovyParser.java:8011)
	at org.apache.groovy.parser.antlr4.GroovyParser.expression(GroovyParser.java:9155)
	at org.apache.groovy.parser.antlr4.GroovyParser.commandExpression(GroovyParser.java:9299)
	at org.apache.groovy.parser.antlr4.GroovyParser.statementExpression(GroovyParser.java:8067)
	at org.apache.groovy.parser.antlr4.GroovyParser.statement(GroovyParser.java:6915)
	at org.apache.groovy.parser.antlr4.GroovyParser.scriptStatement(GroovyParser.java:514)
	at org.apache.groovy.parser.antlr4.GroovyParser.scriptStatements(GroovyParser.java:421)
	at org.apache.groovy.parser.antlr4.GroovyParser.compilationUnit(GroovyParser.java:357)
	at org.apache.groovy.parser.antlr4.AstBuilder.buildCST(AstBuilder.java:250)
	at org.apache.groovy.parser.antlr4.AstBuilder.buildCST(AstBuilder.java:228)
	at org.apache.groovy.parser.antlr4.AstBuilder.buildAST(AstBuilder.java:269)
	at org.apache.groovy.parser.antlr4.Antlr4ParserPlugin.buildAST(Antlr4ParserPlugin.java:58)
	at org.codehaus.groovy.control.SourceUnit.buildAST(SourceUnit.java:256)
	at java.base/java.util.Iterator.forEachRemaining(Iterator.java:133)
	at java.base/java.util.Spliterators$IteratorSpliterator.forEachRemaining(Spliterators.java:1845)
	at java.base/java.util.stream.ReferencePipeline$Head.forEach(ReferencePipeline.java:762)
	at org.codehaus.groovy.control.CompilationUnit.buildASTs(CompilationUnit.java:666)
	at org.codehaus.groovy.control.CompilationUnit.compile(CompilationUnit.java:632)
	at ch.grengine.code.groovy.DefaultGroovyCompiler.compile(DefaultGroovyCompiler.java:241)
	... 63 common frames omitted
